<?xml version="1.0" encoding="UTF-8"?>
<testsuite xmlns:xsi="http://www.w3.org/2001/XMLSchema-instance" xsi:noNamespaceSchemaLocation="https://maven.apache.org/surefire/maven-surefire-plugin/xsd/surefire-test-report-3.0.xsd" version="3.0" name="TestSuite" time="77.825" tests="2" errors="0" skipped="0" failures="0">
  <properties>
    <property name="sun.desktop" value="windows"/>
    <property name="awt.toolkit" value="sun.awt.windows.WToolkit"/>
    <property name="java.specification.version" value="11"/>
    <property name="sun.cpu.isalist" value="amd64"/>
    <property name="sun.jnu.encoding" value="Cp1252"/>
    <property name="java.class.path" value="C:\Users\Lenovo\eclipse-workspace-2\AppiumFrameworkDesign\target\test-classes;C:\Users\Lenovo\eclipse-workspace-2\AppiumFrameworkDesign\target\classes;C:\Users\Lenovo\.m2\repository\io\appium\java-client\8.3.0\java-client-8.3.0.jar;C:\Users\Lenovo\.m2\repository\org\seleniumhq\selenium\selenium-api\4.8.1\selenium-api-4.8.1.jar;C:\Users\Lenovo\.m2\repository\org\seleniumhq\selenium\selenium-remote-driver\4.8.1\selenium-remote-driver-4.8.1.jar;C:\Users\Lenovo\.m2\repository\io\netty\netty-buffer\4.1.87.Final\netty-buffer-4.1.87.Final.jar;C:\Users\Lenovo\.m2\repository\io\netty\netty-codec-http\4.1.87.Final\netty-codec-http-4.1.87.Final.jar;C:\Users\Lenovo\.m2\repository\io\netty\netty-codec\4.1.87.Final\netty-codec-4.1.87.Final.jar;C:\Users\Lenovo\.m2\repository\io\netty\netty-handler\4.1.87.Final\netty-handler-4.1.87.Final.jar;C:\Users\Lenovo\.m2\repository\io\netty\netty-common\4.1.87.Final\netty-common-4.1.87.Final.jar;C:\Users\Lenovo\.m2\repository\io\netty\netty-transport-classes-epoll\4.1.87.Final\netty-transport-classes-epoll-4.1.87.Final.jar;C:\Users\Lenovo\.m2\repository\io\netty\netty-transport-classes-kqueue\4.1.87.Final\netty-transport-classes-kqueue-4.1.87.Final.jar;C:\Users\Lenovo\.m2\repository\io\netty\netty-transport-native-epoll\4.1.87.Final\netty-transport-native-epoll-4.1.87.Final.jar;C:\Users\Lenovo\.m2\repository\io\netty\netty-transport-native-kqueue\4.1.87.Final\netty-transport-native-kqueue-4.1.87.Final.jar;C:\Users\Lenovo\.m2\repository\io\netty\netty-transport-native-unix-common\4.1.87.Final\netty-transport-native-unix-common-4.1.87.Final.jar;C:\Users\Lenovo\.m2\repository\io\netty\netty-transport\4.1.87.Final\netty-transport-4.1.87.Final.jar;C:\Users\Lenovo\.m2\repository\io\netty\netty-resolver\4.1.87.Final\netty-resolver-4.1.87.Final.jar;C:\Users\Lenovo\.m2\repository\io\opentelemetry\opentelemetry-api\1.22.0\opentelemetry-api-1.22.0.jar;C:\Users\Lenovo\.m2\repository\io\opentelemetry\opentelemetry-context\1.22.0\opentelemetry-context-1.22.0.jar;C:\Users\Lenovo\.m2\repository\io\opentelemetry\opentelemetry-exporter-logging\1.22.0\opentelemetry-exporter-logging-1.22.0.jar;C:\Users\Lenovo\.m2\repository\io\opentelemetry\opentelemetry-sdk-metrics\1.22.0\opentelemetry-sdk-metrics-1.22.0.jar;C:\Users\Lenovo\.m2\repository\io\opentelemetry\opentelemetry-sdk-logs\1.22.0-alpha\opentelemetry-sdk-logs-1.22.0-alpha.jar;C:\Users\Lenovo\.m2\repository\io\opentelemetry\opentelemetry-api-logs\1.22.0-alpha\opentelemetry-api-logs-1.22.0-alpha.jar;C:\Users\Lenovo\.m2\repository\io\opentelemetry\opentelemetry-sdk-common\1.22.0\opentelemetry-sdk-common-1.22.0.jar;C:\Users\Lenovo\.m2\repository\io\opentelemetry\opentelemetry-sdk-extension-autoconfigure-spi\1.22.0\opentelemetry-sdk-extension-autoconfigure-spi-1.22.0.jar;C:\Users\Lenovo\.m2\repository\io\opentelemetry\opentelemetry-sdk-extension-autoconfigure\1.22.0-alpha\opentelemetry-sdk-extension-autoconfigure-1.22.0-alpha.jar;C:\Users\Lenovo\.m2\repository\io\opentelemetry\opentelemetry-sdk-trace\1.22.0\opentelemetry-sdk-trace-1.22.0.jar;C:\Users\Lenovo\.m2\repository\io\opentelemetry\opentelemetry-sdk\1.22.0\opentelemetry-sdk-1.22.0.jar;C:\Users\Lenovo\.m2\repository\io\opentelemetry\opentelemetry-semconv\1.22.0-alpha\opentelemetry-semconv-1.22.0-alpha.jar;C:\Users\Lenovo\.m2\repository\io\ous\jtoml\2.0.0\jtoml-2.0.0.jar;C:\Users\Lenovo\.m2\repository\org\apache\commons\commons-exec\1.3\commons-exec-1.3.jar;C:\Users\Lenovo\.m2\repository\org\asynchttpclient\async-http-client\2.12.3\async-http-client-2.12.3.jar;C:\Users\Lenovo\.m2\repository\org\asynchttpclient\async-http-client-netty-utils\2.12.3\async-http-client-netty-utils-2.12.3.jar;C:\Users\Lenovo\.m2\repository\io\netty\netty-codec-socks\4.1.60.Final\netty-codec-socks-4.1.60.Final.jar;C:\Users\Lenovo\.m2\repository\io\netty\netty-handler-proxy\4.1.60.Final\netty-handler-proxy-4.1.60.Final.jar;C:\Users\Lenovo\.m2\repository\io\netty\netty-transport-native-epoll\4.1.60.Final\netty-transport-native-epoll-4.1.60.Final-linux-x86_64.jar;C:\Users\Lenovo\.m2\repository\io\netty\netty-transport-native-kqueue\4.1.60.Final\netty-transport-native-kqueue-4.1.60.Final-osx-x86_64.jar;C:\Users\Lenovo\.m2\repository\com\typesafe\netty\netty-reactive-streams\2.0.4\netty-reactive-streams-2.0.4.jar;C:\Users\Lenovo\.m2\repository\com\sun\activation\jakarta.activation\1.2.2\jakarta.activation-1.2.2.jar;C:\Users\Lenovo\.m2\repository\org\seleniumhq\selenium\selenium-http\4.8.1\selenium-http-4.8.1.jar;C:\Users\Lenovo\.m2\repository\dev\failsafe\failsafe\3.3.0\failsafe-3.3.0.jar;C:\Users\Lenovo\.m2\repository\org\seleniumhq\selenium\selenium-manager\4.8.1\selenium-manager-4.8.1.jar;C:\Users\Lenovo\.m2\repository\com\google\code\gson\gson\2.10\gson-2.10.jar;C:\Users\Lenovo\.m2\repository\cglib\cglib\3.3.0\cglib-3.3.0.jar;C:\Users\Lenovo\.m2\repository\org\ow2\asm\asm\7.1\asm-7.1.jar;C:\Users\Lenovo\.m2\repository\commons-validator\commons-validator\1.7\commons-validator-1.7.jar;C:\Users\Lenovo\.m2\repository\commons-beanutils\commons-beanutils\1.9.4\commons-beanutils-1.9.4.jar;C:\Users\Lenovo\.m2\repository\commons-digester\commons-digester\2.1\commons-digester-2.1.jar;C:\Users\Lenovo\.m2\repository\commons-logging\commons-logging\1.2\commons-logging-1.2.jar;C:\Users\Lenovo\.m2\repository\commons-collections\commons-collections\3.2.2\commons-collections-3.2.2.jar;C:\Users\Lenovo\.m2\repository\org\apache\commons\commons-lang3\3.12.0\commons-lang3-3.12.0.jar;C:\Users\Lenovo\.m2\repository\org\slf4j\slf4j-api\2.0.5\slf4j-api-2.0.5.jar;C:\Users\Lenovo\.m2\repository\org\testng\testng\7.7.1\testng-7.7.1.jar;C:\Users\Lenovo\.m2\repository\com\beust\jcommander\1.82\jcommander-1.82.jar;C:\Users\Lenovo\.m2\repository\org\webjars\jquery\3.6.1\jquery-3.6.1.jar;C:\Users\Lenovo\.m2\repository\org\seleniumhq\selenium\selenium-support\4.8.1\selenium-support-4.8.1.jar;C:\Users\Lenovo\.m2\repository\com\google\auto\service\auto-service-annotations\1.0.1\auto-service-annotations-1.0.1.jar;C:\Users\Lenovo\.m2\repository\com\google\auto\service\auto-service\1.0.1\auto-service-1.0.1.jar;C:\Users\Lenovo\.m2\repository\com\google\auto\auto-common\1.2\auto-common-1.2.jar;C:\Users\Lenovo\.m2\repository\com\google\guava\guava\31.1-jre\guava-31.1-jre.jar;C:\Users\Lenovo\.m2\repository\com\google\guava\failureaccess\1.0.1\failureaccess-1.0.1.jar;C:\Users\Lenovo\.m2\repository\com\google\guava\listenablefuture\9999.0-empty-to-avoid-conflict-with-guava\listenablefuture-9999.0-empty-to-avoid-conflict-with-guava.jar;C:\Users\Lenovo\.m2\repository\com\google\code\findbugs\jsr305\3.0.2\jsr305-3.0.2.jar;C:\Users\Lenovo\.m2\repository\org\checkerframework\checker-qual\3.12.0\checker-qual-3.12.0.jar;C:\Users\Lenovo\.m2\repository\com\google\errorprone\error_prone_annotations\2.11.0\error_prone_annotations-2.11.0.jar;C:\Users\Lenovo\.m2\repository\com\google\j2objc\j2objc-annotations\1.3\j2objc-annotations-1.3.jar;C:\Users\Lenovo\.m2\repository\net\bytebuddy\byte-buddy\1.12.22\byte-buddy-1.12.22.jar;C:\Users\Lenovo\.m2\repository\org\seleniumhq\selenium\selenium-json\4.8.1\selenium-json-4.8.1.jar;C:\Users\Lenovo\.m2\repository\com\aventstack\extentreports\5.0.9\extentreports-5.0.9.jar;C:\Users\Lenovo\.m2\repository\io\reactivex\rxjava3\rxjava\3.0.4\rxjava-3.0.4.jar;C:\Users\Lenovo\.m2\repository\org\reactivestreams\reactive-streams\1.0.3\reactive-streams-1.0.3.jar;C:\Users\Lenovo\.m2\repository\org\freemarker\freemarker\2.3.30\freemarker-2.3.30.jar;C:\Users\Lenovo\.m2\repository\org\projectlombok\lombok\1.18.12\lombok-1.18.12.jar;C:\Users\Lenovo\.m2\repository\com\fasterxml\jackson\core\jackson-databind\2.14.2\jackson-databind-2.14.2.jar;C:\Users\Lenovo\.m2\repository\com\fasterxml\jackson\core\jackson-annotations\2.14.2\jackson-annotations-2.14.2.jar;C:\Users\Lenovo\.m2\repository\com\fasterxml\jackson\core\jackson-core\2.14.2\jackson-core-2.14.2.jar;C:\Users\Lenovo\.m2\repository\commons-io\commons-io\2.11.0\commons-io-2.11.0.jar;"/>
    <property name="java.vm.vendor" value="Oracle Corporation"/>
    <property name="sun.arch.data.model" value="64"/>
    <property name="user.variant" value=""/>
    <property name="java.vendor.url" value="https://openjdk.java.net/"/>
    <property name="user.timezone" value="Asia/Calcutta"/>
    <property name="java.vm.specification.version" value="11"/>
    <property name="os.name" value="Windows 11"/>
    <property name="sun.java.launcher" value="SUN_STANDARD"/>
    <property name="user.country" value="IN"/>
    <property name="sun.boot.library.path" value="C:\Program Files\Java\jdk-11.0.17\bin"/>
    <property name="sun.java.command" value="C:\Users\Lenovo\AppData\Local\Temp\surefire8889971610858232421\surefirebooter-20230302140342114_3.jar C:\Users\Lenovo\AppData\Local\Temp\surefire8889971610858232421 2023-03-02T14-03-41_549-jvmRun1 surefire-20230302140342114_1tmp surefire_0-20230302140342114_2tmp"/>
    <property name="jdk.debug" value="release"/>
    <property name="surefire.test.class.path" value="C:\Users\Lenovo\eclipse-workspace-2\AppiumFrameworkDesign\target\test-classes;C:\Users\Lenovo\eclipse-workspace-2\AppiumFrameworkDesign\target\classes;C:\Users\Lenovo\.m2\repository\io\appium\java-client\8.3.0\java-client-8.3.0.jar;C:\Users\Lenovo\.m2\repository\org\seleniumhq\selenium\selenium-api\4.8.1\selenium-api-4.8.1.jar;C:\Users\Lenovo\.m2\repository\org\seleniumhq\selenium\selenium-remote-driver\4.8.1\selenium-remote-driver-4.8.1.jar;C:\Users\Lenovo\.m2\repository\io\netty\netty-buffer\4.1.87.Final\netty-buffer-4.1.87.Final.jar;C:\Users\Lenovo\.m2\repository\io\netty\netty-codec-http\4.1.87.Final\netty-codec-http-4.1.87.Final.jar;C:\Users\Lenovo\.m2\repository\io\netty\netty-codec\4.1.87.Final\netty-codec-4.1.87.Final.jar;C:\Users\Lenovo\.m2\repository\io\netty\netty-handler\4.1.87.Final\netty-handler-4.1.87.Final.jar;C:\Users\Lenovo\.m2\repository\io\netty\netty-common\4.1.87.Final\netty-common-4.1.87.Final.jar;C:\Users\Lenovo\.m2\repository\io\netty\netty-transport-classes-epoll\4.1.87.Final\netty-transport-classes-epoll-4.1.87.Final.jar;C:\Users\Lenovo\.m2\repository\io\netty\netty-transport-classes-kqueue\4.1.87.Final\netty-transport-classes-kqueue-4.1.87.Final.jar;C:\Users\Lenovo\.m2\repository\io\netty\netty-transport-native-epoll\4.1.87.Final\netty-transport-native-epoll-4.1.87.Final.jar;C:\Users\Lenovo\.m2\repository\io\netty\netty-transport-native-kqueue\4.1.87.Final\netty-transport-native-kqueue-4.1.87.Final.jar;C:\Users\Lenovo\.m2\repository\io\netty\netty-transport-native-unix-common\4.1.87.Final\netty-transport-native-unix-common-4.1.87.Final.jar;C:\Users\Lenovo\.m2\repository\io\netty\netty-transport\4.1.87.Final\netty-transport-4.1.87.Final.jar;C:\Users\Lenovo\.m2\repository\io\netty\netty-resolver\4.1.87.Final\netty-resolver-4.1.87.Final.jar;C:\Users\Lenovo\.m2\repository\io\opentelemetry\opentelemetry-api\1.22.0\opentelemetry-api-1.22.0.jar;C:\Users\Lenovo\.m2\repository\io\opentelemetry\opentelemetry-context\1.22.0\opentelemetry-context-1.22.0.jar;C:\Users\Lenovo\.m2\repository\io\opentelemetry\opentelemetry-exporter-logging\1.22.0\opentelemetry-exporter-logging-1.22.0.jar;C:\Users\Lenovo\.m2\repository\io\opentelemetry\opentelemetry-sdk-metrics\1.22.0\opentelemetry-sdk-metrics-1.22.0.jar;C:\Users\Lenovo\.m2\repository\io\opentelemetry\opentelemetry-sdk-logs\1.22.0-alpha\opentelemetry-sdk-logs-1.22.0-alpha.jar;C:\Users\Lenovo\.m2\repository\io\opentelemetry\opentelemetry-api-logs\1.22.0-alpha\opentelemetry-api-logs-1.22.0-alpha.jar;C:\Users\Lenovo\.m2\repository\io\opentelemetry\opentelemetry-sdk-common\1.22.0\opentelemetry-sdk-common-1.22.0.jar;C:\Users\Lenovo\.m2\repository\io\opentelemetry\opentelemetry-sdk-extension-autoconfigure-spi\1.22.0\opentelemetry-sdk-extension-autoconfigure-spi-1.22.0.jar;C:\Users\Lenovo\.m2\repository\io\opentelemetry\opentelemetry-sdk-extension-autoconfigure\1.22.0-alpha\opentelemetry-sdk-extension-autoconfigure-1.22.0-alpha.jar;C:\Users\Lenovo\.m2\repository\io\opentelemetry\opentelemetry-sdk-trace\1.22.0\opentelemetry-sdk-trace-1.22.0.jar;C:\Users\Lenovo\.m2\repository\io\opentelemetry\opentelemetry-sdk\1.22.0\opentelemetry-sdk-1.22.0.jar;C:\Users\Lenovo\.m2\repository\io\opentelemetry\opentelemetry-semconv\1.22.0-alpha\opentelemetry-semconv-1.22.0-alpha.jar;C:\Users\Lenovo\.m2\repository\io\ous\jtoml\2.0.0\jtoml-2.0.0.jar;C:\Users\Lenovo\.m2\repository\org\apache\commons\commons-exec\1.3\commons-exec-1.3.jar;C:\Users\Lenovo\.m2\repository\org\asynchttpclient\async-http-client\2.12.3\async-http-client-2.12.3.jar;C:\Users\Lenovo\.m2\repository\org\asynchttpclient\async-http-client-netty-utils\2.12.3\async-http-client-netty-utils-2.12.3.jar;C:\Users\Lenovo\.m2\repository\io\netty\netty-codec-socks\4.1.60.Final\netty-codec-socks-4.1.60.Final.jar;C:\Users\Lenovo\.m2\repository\io\netty\netty-handler-proxy\4.1.60.Final\netty-handler-proxy-4.1.60.Final.jar;C:\Users\Lenovo\.m2\repository\io\netty\netty-transport-native-epoll\4.1.60.Final\netty-transport-native-epoll-4.1.60.Final-linux-x86_64.jar;C:\Users\Lenovo\.m2\repository\io\netty\netty-transport-native-kqueue\4.1.60.Final\netty-transport-native-kqueue-4.1.60.Final-osx-x86_64.jar;C:\Users\Lenovo\.m2\repository\com\typesafe\netty\netty-reactive-streams\2.0.4\netty-reactive-streams-2.0.4.jar;C:\Users\Lenovo\.m2\repository\com\sun\activation\jakarta.activation\1.2.2\jakarta.activation-1.2.2.jar;C:\Users\Lenovo\.m2\repository\org\seleniumhq\selenium\selenium-http\4.8.1\selenium-http-4.8.1.jar;C:\Users\Lenovo\.m2\repository\dev\failsafe\failsafe\3.3.0\failsafe-3.3.0.jar;C:\Users\Lenovo\.m2\repository\org\seleniumhq\selenium\selenium-manager\4.8.1\selenium-manager-4.8.1.jar;C:\Users\Lenovo\.m2\repository\com\google\code\gson\gson\2.10\gson-2.10.jar;C:\Users\Lenovo\.m2\repository\cglib\cglib\3.3.0\cglib-3.3.0.jar;C:\Users\Lenovo\.m2\repository\org\ow2\asm\asm\7.1\asm-7.1.jar;C:\Users\Lenovo\.m2\repository\commons-validator\commons-validator\1.7\commons-validator-1.7.jar;C:\Users\Lenovo\.m2\repository\commons-beanutils\commons-beanutils\1.9.4\commons-beanutils-1.9.4.jar;C:\Users\Lenovo\.m2\repository\commons-digester\commons-digester\2.1\commons-digester-2.1.jar;C:\Users\Lenovo\.m2\repository\commons-logging\commons-logging\1.2\commons-logging-1.2.jar;C:\Users\Lenovo\.m2\repository\commons-collections\commons-collections\3.2.2\commons-collections-3.2.2.jar;C:\Users\Lenovo\.m2\repository\org\apache\commons\commons-lang3\3.12.0\commons-lang3-3.12.0.jar;C:\Users\Lenovo\.m2\repository\org\slf4j\slf4j-api\2.0.5\slf4j-api-2.0.5.jar;C:\Users\Lenovo\.m2\repository\org\testng\testng\7.7.1\testng-7.7.1.jar;C:\Users\Lenovo\.m2\repository\com\beust\jcommander\1.82\jcommander-1.82.jar;C:\Users\Lenovo\.m2\repository\org\webjars\jquery\3.6.1\jquery-3.6.1.jar;C:\Users\Lenovo\.m2\repository\org\seleniumhq\selenium\selenium-support\4.8.1\selenium-support-4.8.1.jar;C:\Users\Lenovo\.m2\repository\com\google\auto\service\auto-service-annotations\1.0.1\auto-service-annotations-1.0.1.jar;C:\Users\Lenovo\.m2\repository\com\google\auto\service\auto-service\1.0.1\auto-service-1.0.1.jar;C:\Users\Lenovo\.m2\repository\com\google\auto\auto-common\1.2\auto-common-1.2.jar;C:\Users\Lenovo\.m2\repository\com\google\guava\guava\31.1-jre\guava-31.1-jre.jar;C:\Users\Lenovo\.m2\repository\com\google\guava\failureaccess\1.0.1\failureaccess-1.0.1.jar;C:\Users\Lenovo\.m2\repository\com\google\guava\listenablefuture\9999.0-empty-to-avoid-conflict-with-guava\listenablefuture-9999.0-empty-to-avoid-conflict-with-guava.jar;C:\Users\Lenovo\.m2\repository\com\google\code\findbugs\jsr305\3.0.2\jsr305-3.0.2.jar;C:\Users\Lenovo\.m2\repository\org\checkerframework\checker-qual\3.12.0\checker-qual-3.12.0.jar;C:\Users\Lenovo\.m2\repository\com\google\errorprone\error_prone_annotations\2.11.0\error_prone_annotations-2.11.0.jar;C:\Users\Lenovo\.m2\repository\com\google\j2objc\j2objc-annotations\1.3\j2objc-annotations-1.3.jar;C:\Users\Lenovo\.m2\repository\net\bytebuddy\byte-buddy\1.12.22\byte-buddy-1.12.22.jar;C:\Users\Lenovo\.m2\repository\org\seleniumhq\selenium\selenium-json\4.8.1\selenium-json-4.8.1.jar;C:\Users\Lenovo\.m2\repository\com\aventstack\extentreports\5.0.9\extentreports-5.0.9.jar;C:\Users\Lenovo\.m2\repository\io\reactivex\rxjava3\rxjava\3.0.4\rxjava-3.0.4.jar;C:\Users\Lenovo\.m2\repository\org\reactivestreams\reactive-streams\1.0.3\reactive-streams-1.0.3.jar;C:\Users\Lenovo\.m2\repository\org\freemarker\freemarker\2.3.30\freemarker-2.3.30.jar;C:\Users\Lenovo\.m2\repository\org\projectlombok\lombok\1.18.12\lombok-1.18.12.jar;C:\Users\Lenovo\.m2\repository\com\fasterxml\jackson\core\jackson-databind\2.14.2\jackson-databind-2.14.2.jar;C:\Users\Lenovo\.m2\repository\com\fasterxml\jackson\core\jackson-annotations\2.14.2\jackson-annotations-2.14.2.jar;C:\Users\Lenovo\.m2\repository\com\fasterxml\jackson\core\jackson-core\2.14.2\jackson-core-2.14.2.jar;C:\Users\Lenovo\.m2\repository\commons-io\commons-io\2.11.0\commons-io-2.11.0.jar;"/>
    <property name="sun.cpu.endian" value="little"/>
    <property name="user.home" value="C:\Users\Lenovo"/>
    <property name="user.language" value="en"/>
    <property name="ipAddress" value="127.0.0.1"/>
    <property name="java.specification.vendor" value="Oracle Corporation"/>
    <property name="java.version.date" value="2022-10-18"/>
    <property name="java.home" value="C:\Program Files\Java\jdk-11.0.17"/>
    <property name="file.separator" value="\"/>
    <property name="basedir" value="C:\Users\Lenovo\eclipse-workspace-2\AppiumFrameworkDesign"/>
    <property name="java.vm.compressedOopsMode" value="32-bit"/>
    <property name="line.separator" value="&#10;"/>
    <property name="java.specification.name" value="Java Platform API Specification"/>
    <property name="java.vm.specification.vendor" value="Oracle Corporation"/>
    <property name="java.awt.graphicsenv" value="sun.awt.Win32GraphicsEnvironment"/>
    <property name="surefire.real.class.path" value="C:\Users\Lenovo\AppData\Local\Temp\surefire8889971610858232421\surefirebooter-20230302140342114_3.jar"/>
    <property name="user.script" value=""/>
    <property name="sun.management.compiler" value="HotSpot 64-Bit Tiered Compilers"/>
    <property name="java.runtime.version" value="11.0.17+10-LTS-269"/>
    <property name="user.name" value="Lenovo"/>
    <property name="path.separator" value=";"/>
    <property name="os.version" value="10.0"/>
    <property name="java.runtime.name" value="Java(TM) SE Runtime Environment"/>
    <property name="file.encoding" value="Cp1252"/>
    <property name="java.vm.name" value="Java HotSpot(TM) 64-Bit Server VM"/>
    <property name="java.vendor.version" value="18.9"/>
    <property name="localRepository" value="C:\Users\Lenovo\.m2\repository"/>
    <property name="java.vendor.url.bug" value="https://bugreport.java.com/bugreport/"/>
    <property name="java.io.tmpdir" value="C:\Users\Lenovo\AppData\Local\Temp\"/>
    <property name="java.version" value="11.0.17"/>
    <property name="user.dir" value="C:\Users\Lenovo\eclipse-workspace-2\AppiumFrameworkDesign"/>
    <property name="os.arch" value="amd64"/>
    <property name="java.vm.specification.name" value="Java Virtual Machine Specification"/>
    <property name="java.awt.printerjob" value="sun.awt.windows.WPrinterJob"/>
    <property name="sun.os.patch.level" value=""/>
    <property name="java.library.path" value="C:\Program Files\Java\jdk-11.0.17\bin;C:\WINDOWS\Sun\Java\bin;C:\WINDOWS\system32;C:\WINDOWS;C:\Program Files\Common Files\Oracle\Java\javapath;C:\WINDOWS\system32;C:\WINDOWS;C:\WINDOWS\System32\Wbem;C:\WINDOWS\System32\WindowsPowerShell\v1.0\;C:\WINDOWS\System32\OpenSSH\;C:\Program Files\nodejs\;C:\Users\Lenovo\AppData\Local\Android\Sdk\tools;C:\Users\Lenovo\AppData\Local\Android\Sdk\tools\bin;C:\Users\Lenovo\AppData\Local\Android\Sdk\platform-tools;C:\Program Files\nodejs\node_modules\npm\bin;C:\Program Files\Maven\apache-maven-3.8.6\bin;C:\Users\Lenovo\AppData\Local\Microsoft\WindowsApps;C:\Users\Lenovo\AppData\Roaming\npm;."/>
    <property name="java.vendor" value="Oracle Corporation"/>
    <property name="java.vm.info" value="mixed mode"/>
    <property name="java.vm.version" value="11.0.17+10-LTS-269"/>
    <property name="sun.io.unicode.encoding" value="UnicodeLittle"/>
    <property name="java.class.version" value="55.0"/>
  </properties>
  <testcase name="eCommerceTest[Swe, Female, Australia](1)" classname="org.swetha.ShoppingApplication2" time="14.497">
    <system-out><![CDATA[&amp#27;[35m[Appium]&amp#27;[39m Welcome to Appium v2.0.0-beta.46
&amp#27;[35m[Appium]&amp#27;[39m Non-default server args:
&amp#27;[35m[Appium]&amp#27;[39m { address: &amp#27;[32m'127.0.0.1'&amp#27;[39m }
&amp#27;[35m[Appium]&amp#27;[39m Attempting to load driver uiautomator2...
[debug] &amp#27;[35m[Appium]&amp#27;[39m Requiring driver at C:\Users\Lenovo\.appium\node_modules\appium-uiautomator2-driver
&amp#27;[35m[Appium]&amp#27;[39m Appium REST http interface listener started on 127.0.0.1:4723
&amp#27;[35m[Appium]&amp#27;[39m Available drivers:
&amp#27;[35m[Appium]&amp#27;[39m   - uiautomator2@2.10.2 (automationName 'UiAutomator2')
&amp#27;[35m[Appium]&amp#27;[39m No plugins have been installed. Use the "appium plugin" command to install the one(s) you want to use.
&amp#27;[35m[HTTP]&amp#27;[39m &amp#27;[37m-->&amp#27;[39m &amp#27;[37mGET&amp#27;[39m &amp#27;[37m/status&amp#27;[39m
&amp#27;[35m[HTTP]&amp#27;[39m &amp#27;[90m{}&amp#27;[39m
[debug] &amp#27;[35m[AppiumDriver@ed0c]&amp#27;[39m Calling AppiumDriver.getStatus() with args: []
[debug] &amp#27;[35m[AppiumDriver@ed0c]&amp#27;[39m Responding to client with driver.getStatus() result: {"build":{"version":"2.0.0-beta.46"}}
&amp#27;[35m[HTTP]&amp#27;[39m &amp#27;[37m<-- GET /status &amp#27;[39m&amp#27;[32m200&amp#27;[39m &amp#27;[90m19 ms - 47&amp#27;[39m
&amp#27;[35m[HTTP]&amp#27;[39m &amp#27;[90m&amp#27;[39m
[debug] &amp#27;[35m[HTTP]&amp#27;[39m Request idempotency key: caa79907-7e0a-4847-aae9-2cf1a8b4cbde
&amp#27;[35m[HTTP]&amp#27;[39m &amp#27;[37m-->&amp#27;[39m &amp#27;[37mPOST&amp#27;[39m &amp#27;[37m/session&amp#27;[39m
&amp#27;[35m[HTTP]&amp#27;[39m &amp#27;[90m{"capabilities":{"firstMatch":[{}],"alwaysMatch":{"appium:app":"C:\\Users\\Lenovo\\eclipse-workspace-2\\AppiumFrameworkDesign\\src\\test\\java\\org\\swetha\\resources\\General-Store.apk","appium:automationName":"UIAutomator2","appium:chromedriverExecutable":"G:\\Mobile Testing\\chromedriver\\chromedriver.exe","appium:deviceName":"Judephone","platformName":"android"}}}&amp#27;[39m
[debug] &amp#27;[35m[AppiumDriver@ed0c]&amp#27;[39m Calling AppiumDriver.createSession() with args: [null,null,{"firstMatch":[{}],"alwaysMatch":{"appium:app":"C:\\Users\\Lenovo\\eclipse-workspace-2\\AppiumFrameworkDesign\\src\\test\\java\\org\\swetha\\resources\\General-Store.apk","appium:automationName":"UIAutomator2","appium:chromedriverExecutable":"G:\\Mobile Testing\\chromedriver\\chromedriver.exe","appium:deviceName":"Judephone","platformName":"android"}}]
[debug] &amp#27;[35m[AppiumDriver@ed0c]&amp#27;[39m Event 'newSessionRequested' logged at 1677746036817 (14:03:56 GMT+0530 (India Standard Time))
&amp#27;[35m[Appium]&amp#27;[39m Attempting to find matching driver for automationName 'UIAutomator2' and platformName 'android'
&amp#27;[35m[Appium]&amp#27;[39m The 'uiautomator2' driver was installed and matched caps.
&amp#27;[35m[Appium]&amp#27;[39m Will require it at C:\Users\Lenovo\.appium\node_modules\appium-uiautomator2-driver
[debug] &amp#27;[35m[Appium]&amp#27;[39m Requiring driver at C:\Users\Lenovo\.appium\node_modules\appium-uiautomator2-driver
&amp#27;[35m[AppiumDriver@ed0c]&amp#27;[39m Appium v2.0.0-beta.46 creating new AndroidUiautomator2Driver (v2.10.2) session
&amp#27;[35m[AppiumDriver@ed0c]&amp#27;[39m Checking BaseDriver versions for Appium and AndroidUiautomator2Driver
&amp#27;[35m[AppiumDriver@ed0c]&amp#27;[39m Appium's BaseDriver version is 8.7.3
&amp#27;[35m[AppiumDriver@ed0c]&amp#27;[39m AndroidUiautomator2Driver's BaseDriver version is 8.7.3
[debug] &amp#27;[35m[AndroidUiautomator2Driver@d38f]&amp#27;[39m Creating session with W3C capabilities: {
[debug] &amp#27;[35m[AndroidUiautomator2Driver@d38f]&amp#27;[39m   "alwaysMatch": {
[debug] &amp#27;[35m[AndroidUiautomator2Driver@d38f]&amp#27;[39m     "platformName": "android",
[debug] &amp#27;[35m[AndroidUiautomator2Driver@d38f]&amp#27;[39m     "appium:app": "C:\\Users\\Lenovo\\eclipse-workspace-2\\AppiumFrameworkDesign\\src\\test\\java\\org\\swetha\\resources\\General-Store.apk",
[debug] &amp#27;[35m[AndroidUiautomator2Driver@d38f]&amp#27;[39m     "appium:automationName": "UIAutomator2",
[debug] &amp#27;[35m[AndroidUiautomator2Driver@d38f]&amp#27;[39m     "appium:chromedriverExecutable": "G:\\Mobile Testing\\chromedriver\\chromedriver.exe",
[debug] &amp#27;[35m[AndroidUiautomator2Driver@d38f]&amp#27;[39m     "appium:deviceName": "Judephone"
[debug] &amp#27;[35m[AndroidUiautomator2Driver@d38f]&amp#27;[39m   },
[debug] &amp#27;[35m[AndroidUiautomator2Driver@d38f]&amp#27;[39m   "firstMatch": [
[debug] &amp#27;[35m[AndroidUiautomator2Driver@d38f]&amp#27;[39m     {}
[debug] &amp#27;[35m[AndroidUiautomator2Driver@d38f]&amp#27;[39m   ]
[debug] &amp#27;[35m[AndroidUiautomator2Driver@d38f]&amp#27;[39m }
&amp#27;[35m[AndroidUiautomator2Driver@d38f (b4397206)]&amp#27;[39m Session created with session id: b4397206-452a-42fd-a552-1a0e470eb548
&amp#27;[35m[BaseDriver]&amp#27;[39m Using local app 'C:\Users\Lenovo\eclipse-workspace-2\AppiumFrameworkDesign\src\test\java\org\swetha\resources\General-Store.apk'
[debug] &amp#27;[35m[AndroidUiautomator2Driver@d38f (b4397206)]&amp#27;[39m Checking whether app is actually present
&amp#27;[35m[ADB]&amp#27;[39m Found 2 'build-tools' folders under 'C:\Users\Lenovo\AppData\Local\Android\Sdk' (newest first):
&amp#27;[35m[ADB]&amp#27;[39m     C:/Users/Lenovo/AppData/Local/Android/Sdk/build-tools/33.0.0
&amp#27;[35m[ADB]&amp#27;[39m     C:/Users/Lenovo/AppData/Local/Android/Sdk/build-tools/30.0.3
&amp#27;[35m[ADB]&amp#27;[39m Using 'adb.exe' from 'C:\Users\Lenovo\AppData\Local\Android\Sdk\platform-tools\adb.exe'
[debug] &amp#27;[35m[ADB]&amp#27;[39m Running 'C:\Users\Lenovo\AppData\Local\Android\Sdk\platform-tools\adb.exe -P 5037 start-server'
&amp#27;[35m[AndroidDriver]&amp#27;[39m Retrieving device list
[debug] &amp#27;[35m[ADB]&amp#27;[39m Trying to find a connected android device
[debug] &amp#27;[35m[ADB]&amp#27;[39m Getting connected devices
[debug] &amp#27;[35m[ADB]&amp#27;[39m Connected devices: [{"udid":"emulator-5554","state":"device"}]
&amp#27;[35m[AndroidDriver]&amp#27;[39m Using device: emulator-5554
&amp#27;[35m[ADB]&amp#27;[39m Using 'adb.exe' from 'C:\Users\Lenovo\AppData\Local\Android\Sdk\platform-tools\adb.exe'
[debug] &amp#27;[35m[ADB]&amp#27;[39m Running 'C:\Users\Lenovo\AppData\Local\Android\Sdk\platform-tools\adb.exe -P 5037 start-server'
[debug] &amp#27;[35m[ADB]&amp#27;[39m Setting device id to emulator-5554
[debug] &amp#27;[35m[ADB]&amp#27;[39m Running 'C:\Users\Lenovo\AppData\Local\Android\Sdk\platform-tools\adb.exe -P 5037 -s emulator-5554 shell getprop ro.build.version.sdk'
[debug] &amp#27;[35m[ADB]&amp#27;[39m Current device property 'ro.build.version.sdk': 30
&amp#27;[35m[ADB]&amp#27;[39m Getting device platform version
[debug] &amp#27;[35m[ADB]&amp#27;[39m Running 'C:\Users\Lenovo\AppData\Local\Android\Sdk\platform-tools\adb.exe -P 5037 -s emulator-5554 shell getprop ro.build.version.release'
[debug] &amp#27;[35m[ADB]&amp#27;[39m Current device property 'ro.build.version.release': 11
[debug] &amp#27;[35m[ADB]&amp#27;[39m Device API level: 30
&amp#27;[35m[AndroidUiautomator2Driver@d38f (b4397206)]&amp#27;[39m Relaxing hidden api policy
[debug] &amp#27;[35m[ADB]&amp#27;[39m Running 'C:\Users\Lenovo\AppData\Local\Android\Sdk\platform-tools\adb.exe -P 5037 -s emulator-5554 shell 'settings put global hidden_api_policy_pre_p_apps 1;settings put global hidden_api_policy_p_apps 1;settings put global hidden_api_policy 1''
[debug] &amp#27;[35m[AndroidDriver]&amp#27;[39m Parsing package and activity from app manifest
&amp#27;[35m[ADB]&amp#27;[39m Package name: 'com.androidsample.generalstore'
&amp#27;[35m[ADB]&amp#27;[39m Main activity name: 'com.androidsample.generalstore.SplashActivity'
[debug] &amp#27;[35m[AndroidDriver]&amp#27;[39m Parsed package and activity are: com.androidsample.generalstore/com.androidsample.generalstore.SplashActivity
[debug] &amp#27;[35m[ADB]&amp#27;[39m Running 'C:\Users\Lenovo\AppData\Local\Android\Sdk\platform-tools\adb.exe -P 5037 -s emulator-5554 wait-for-device'
[debug] &amp#27;[35m[ADB]&amp#27;[39m Running 'C:\Users\Lenovo\AppData\Local\Android\Sdk\platform-tools\adb.exe -P 5037 -s emulator-5554 shell echo ping'
[debug] &amp#27;[35m[AndroidDriver]&amp#27;[39m Pushing settings apk to device...
[debug] &amp#27;[35m[ADB]&amp#27;[39m Getting install status for io.appium.settings
[debug] &amp#27;[35m[ADB]&amp#27;[39m Running 'C:\Users\Lenovo\AppData\Local\Android\Sdk\platform-tools\adb.exe -P 5037 -s emulator-5554 shell dumpsys package io.appium.settings'
[debug] &amp#27;[35m[ADB]&amp#27;[39m 'io.appium.settings' is installed
[debug] &amp#27;[35m[ADB]&amp#27;[39m Getting package info for 'io.appium.settings'
[debug] &amp#27;[35m[ADB]&amp#27;[39m Running 'C:\Users\Lenovo\AppData\Local\Android\Sdk\platform-tools\adb.exe -P 5037 -s emulator-5554 shell dumpsys package io.appium.settings'
[debug] &amp#27;[35m[ADB]&amp#27;[39m The version name of the installed 'io.appium.settings' is greater or equal to the application version name ('4.2.3' >= '4.2.3')
[debug] &amp#27;[35m[ADB]&amp#27;[39m There is no need to install/upgrade 'C:\Users\Lenovo\.appium\node_modules\appium-uiautomator2-driver\node_modules\io.appium.settings\apks\settings_apk-debug.apk'
[debug] &amp#27;[35m[ADB]&amp#27;[39m Getting IDs of all 'io.appium.settings' processes
[debug] &amp#27;[35m[ADB]&amp#27;[39m Running 'C:\Users\Lenovo\AppData\Local\Android\Sdk\platform-tools\adb.exe -P 5037 -s emulator-5554 shell 'pgrep --help; echo $?''
[debug] &amp#27;[35m[ADB]&amp#27;[39m Running 'C:\Users\Lenovo\AppData\Local\Android\Sdk\platform-tools\adb.exe -P 5037 -s emulator-5554 shell pgrep -f \(\[\[:blank:\]\]\|\^\)io\.appium\.settings\(\[\[:blank:\]\]\|\$\)'
[debug] &amp#27;[35m[AndroidDriver]&amp#27;[39m io.appium.settings is already running. There is no need to reset its permissions.
[debug] &amp#27;[35m[Logcat]&amp#27;[39m Starting logs capture with command: C:\\Users\\Lenovo\\AppData\\Local\\Android\\Sdk\\platform-tools\\adb.exe -P 5037 -s emulator-5554 logcat -v threadtime
[debug] &amp#27;[35m[AndroidUiautomator2Driver@d38f (b4397206)]&amp#27;[39m Forwarding UiAutomator2 Server port 6790 to local port 8200
[debug] &amp#27;[35m[ADB]&amp#27;[39m Forwarding system: 8200 to device: 6790
[debug] &amp#27;[35m[ADB]&amp#27;[39m Running 'C:\Users\Lenovo\AppData\Local\Android\Sdk\platform-tools\adb.exe -P 5037 -s emulator-5554 forward tcp:8200 tcp:6790'
[debug] &amp#27;[35m[ADB]&amp#27;[39m Getting install status for io.appium.uiautomator2.server
[debug] &amp#27;[35m[ADB]&amp#27;[39m Running 'C:\Users\Lenovo\AppData\Local\Android\Sdk\platform-tools\adb.exe -P 5037 -s emulator-5554 shell dumpsys package io.appium.uiautomator2.server'
[debug] &amp#27;[35m[ADB]&amp#27;[39m 'io.appium.uiautomator2.server' is installed
[debug] &amp#27;[35m[ADB]&amp#27;[39m Getting package info for 'io.appium.uiautomator2.server'
[debug] &amp#27;[35m[ADB]&amp#27;[39m Running 'C:\Users\Lenovo\AppData\Local\Android\Sdk\platform-tools\adb.exe -P 5037 -s emulator-5554 shell dumpsys package io.appium.uiautomator2.server'
[debug] &amp#27;[35m[ADB]&amp#27;[39m The version name of the installed 'io.appium.uiautomator2.server' is greater or equal to the application version name ('5.7.4' >= '5.7.4')
[debug] &amp#27;[35m[AndroidUiautomator2Driver@d38f (b4397206)]&amp#27;[39m io.appium.uiautomator2.server installation state: sameVersionInstalled
[debug] &amp#27;[35m[ADB]&amp#27;[39m Checking app cert for C:\Users\Lenovo\.appium\node_modules\appium-uiautomator2-driver\node_modules\appium-uiautomator2-server\apks\appium-uiautomator2-server-v5.7.4.apk
&amp#27;[35m[ADB]&amp#27;[39m Using 'apksigner.jar' from 'C:\Users\Lenovo\AppData\Local\Android\Sdk\build-tools\33.0.0\lib\apksigner.jar'
[debug] &amp#27;[35m[ADB]&amp#27;[39m Starting apksigner: 'C:\\Program Files\\Java\\jdk-11.0.17\\bin\\java.exe' -Xmx1024M -Xss1m -jar C:\\Users\\Lenovo\\AppData\\Local\\Android\\Sdk\\build-tools\\33.0.0\\lib\\apksigner.jar verify --print-certs C:\\Users\\Lenovo\\.appium\\node_modules\\appium-uiautomator2-driver\\node_modules\\appium-uiautomator2-server\\apks\\appium-uiautomator2-server-v5.7.4.apk
[debug] &amp#27;[35m[ADB]&amp#27;[39m apksigner stdout: Signer #1 certificate DN: EMAILADDRESS=android@android.com, CN=Android, OU=Android, O=Android, L=Mountain View, ST=California, C=US
[debug] &amp#27;[35m[ADB]&amp#27;[39m Signer #1 certificate SHA-256 digest: a40da80a59d170caa950cf15c18c454d47a39b26989d8b640ecd745ba71bf5dc
[debug] &amp#27;[35m[ADB]&amp#27;[39m Signer #1 certificate SHA-1 digest: 61ed377e85d386a8dfee6b864bd85b0bfaa5af81
[debug] &amp#27;[35m[ADB]&amp#27;[39m Signer #1 certificate MD5 digest: e89b158e4bcf988ebd09eb83f5378e87
[debug] &amp#27;[35m[ADB]&amp#27;[39m 
[debug] &amp#27;[35m[ADB]&amp#27;[39m sha256 hash did match for 'appium-uiautomator2-server-v5.7.4.apk'
&amp#27;[35m[ADB]&amp#27;[39m 'C:\Users\Lenovo\.appium\node_modules\appium-uiautomator2-driver\node_modules\appium-uiautomator2-server\apks\appium-uiautomator2-server-v5.7.4.apk' is signed with the default certificate
[debug] &amp#27;[35m[ADB]&amp#27;[39m Getting install status for io.appium.uiautomator2.server.test
[debug] &amp#27;[35m[ADB]&amp#27;[39m Running 'C:\Users\Lenovo\AppData\Local\Android\Sdk\platform-tools\adb.exe -P 5037 -s emulator-5554 shell dumpsys package io.appium.uiautomator2.server.test'
[debug] &amp#27;[35m[ADB]&amp#27;[39m 'io.appium.uiautomator2.server.test' is installed
[debug] &amp#27;[35m[ADB]&amp#27;[39m Checking app cert for C:\Users\Lenovo\.appium\node_modules\appium-uiautomator2-driver\node_modules\appium-uiautomator2-server\apks\appium-uiautomator2-server-debug-androidTest.apk
[debug] &amp#27;[35m[ADB]&amp#27;[39m Starting apksigner: 'C:\\Program Files\\Java\\jdk-11.0.17\\bin\\java.exe' -Xmx1024M -Xss1m -jar C:\\Users\\Lenovo\\AppData\\Local\\Android\\Sdk\\build-tools\\33.0.0\\lib\\apksigner.jar verify --print-certs C:\\Users\\Lenovo\\.appium\\node_modules\\appium-uiautomator2-driver\\node_modules\\appium-uiautomator2-server\\apks\\appium-uiautomator2-server-debug-androidTest.apk
[debug] &amp#27;[35m[ADB]&amp#27;[39m apksigner stdout: Signer #1 certificate DN: EMAILADDRESS=android@android.com, CN=Android, OU=Android, O=Android, L=Mountain View, ST=California, C=US
[debug] &amp#27;[35m[ADB]&amp#27;[39m Signer #1 certificate SHA-256 digest: a40da80a59d170caa950cf15c18c454d47a39b26989d8b640ecd745ba71bf5dc
[debug] &amp#27;[35m[ADB]&amp#27;[39m Signer #1 certificate SHA-1 digest: 61ed377e85d386a8dfee6b864bd85b0bfaa5af81
[debug] &amp#27;[35m[ADB]&amp#27;[39m Signer #1 certificate MD5 digest: e89b158e4bcf988ebd09eb83f5378e87
[debug] &amp#27;[35m[ADB]&amp#27;[39m 
[debug] &amp#27;[35m[ADB]&amp#27;[39m sha256 hash did match for 'appium-uiautomator2-server-debug-androidTest.apk'
&amp#27;[35m[ADB]&amp#27;[39m 'C:\Users\Lenovo\.appium\node_modules\appium-uiautomator2-driver\node_modules\appium-uiautomator2-server\apks\appium-uiautomator2-server-debug-androidTest.apk' is signed with the default certificate
&amp#27;[35m[AndroidUiautomator2Driver@d38f (b4397206)]&amp#27;[39m Server packages are not going to be (re)installed
[debug] &amp#27;[35m[AndroidUiautomator2Driver@d38f (b4397206)]&amp#27;[39m Waiting up to 30000ms for services to be available
[debug] &amp#27;[35m[ADB]&amp#27;[39m Running 'C:\Users\Lenovo\AppData\Local\Android\Sdk\platform-tools\adb.exe -P 5037 -s emulator-5554 shell pm list instrumentation'
[debug] &amp#27;[35m[AndroidUiautomator2Driver@d38f (b4397206)]&amp#27;[39m Instrumentation target 'io.appium.uiautomator2.server.test/androidx.test.runner.AndroidJUnitRunner' is available
&amp#27;[35m[ADB]&amp#27;[39m Adding packages ["io.appium.settings","io.appium.uiautomator2.server","io.appium.uiautomator2.server.test"] to Doze whitelist
[debug] &amp#27;[35m[ADB]&amp#27;[39m Got the following command chunks to execute: [["dumpsys","deviceidle","whitelist","+io.appium.settings",";","dumpsys","deviceidle","whitelist","+io.appium.uiautomator2.server",";","dumpsys","deviceidle","whitelist","+io.appium.uiautomator2.server.test",";"]]
[debug] &amp#27;[35m[ADB]&amp#27;[39m Running 'C:\Users\Lenovo\AppData\Local\Android\Sdk\platform-tools\adb.exe -P 5037 -s emulator-5554 shell dumpsys deviceidle whitelist +io.appium.settings ; dumpsys deviceidle whitelist +io.appium.uiautomator2.server ; dumpsys deviceidle whitelist +io.appium.uiautomator2.server.test ;'
[debug] &amp#27;[35m[ADB]&amp#27;[39m Checking app cert for C:\Users\Lenovo\eclipse-workspace-2\AppiumFrameworkDesign\src\test\java\org\swetha\resources\General-Store.apk
[debug] &amp#27;[35m[ADB]&amp#27;[39m Starting apksigner: 'C:\\Program Files\\Java\\jdk-11.0.17\\bin\\java.exe' -Xmx1024M -Xss1m -jar C:\\Users\\Lenovo\\AppData\\Local\\Android\\Sdk\\build-tools\\33.0.0\\lib\\apksigner.jar verify --print-certs C:\\Users\\Lenovo\\eclipse-workspace-2\\AppiumFrameworkDesign\\src\\test\\java\\org\\swetha\\resources\\General-Store.apk
[debug] &amp#27;[35m[ADB]&amp#27;[39m apksigner stdout: Signer #1 certificate DN: C=US, O=Android, CN=Android Debug
[debug] &amp#27;[35m[ADB]&amp#27;[39m Signer #1 certificate SHA-256 digest: f5f5931c019be6bff8a26255f76ae9ef8a8e631d2a702ec10e91110231549eef
[debug] &amp#27;[35m[ADB]&amp#27;[39m Signer #1 certificate SHA-1 digest: b250161db8b5d0a1bd39154c9fd749bdad79c1a3
[debug] &amp#27;[35m[ADB]&amp#27;[39m Signer #1 certificate MD5 digest: 7a5550323d84472ca25a0861c63e0a6c
[debug] &amp#27;[35m[ADB]&amp#27;[39m 
&amp#27;[35m[ADB]&amp#27;[39m 'C:\Users\Lenovo\eclipse-workspace-2\AppiumFrameworkDesign\src\test\java\org\swetha\resources\General-Store.apk' is signed with a non-default certificate
[debug] &amp#27;[35m[ADB]&amp#27;[39m Getting install status for com.androidsample.generalstore
[debug] &amp#27;[35m[ADB]&amp#27;[39m Running 'C:\Users\Lenovo\AppData\Local\Android\Sdk\platform-tools\adb.exe -P 5037 -s emulator-5554 shell dumpsys package com.androidsample.generalstore'
[debug] &amp#27;[35m[ADB]&amp#27;[39m 'com.androidsample.generalstore' is installed
[debug] &amp#27;[35m[ADB]&amp#27;[39m Getting package info for 'com.androidsample.generalstore'
[debug] &amp#27;[35m[ADB]&amp#27;[39m Running 'C:\Users\Lenovo\AppData\Local\Android\Sdk\platform-tools\adb.exe -P 5037 -s emulator-5554 shell dumpsys package com.androidsample.generalstore'
[debug] &amp#27;[35m[ADB]&amp#27;[39m The version name of the installed 'com.androidsample.generalstore' is greater or equal to the application version name ('1.0.0' >= '1.0.0')
[debug] &amp#27;[35m[ADB]&amp#27;[39m There is no need to install/upgrade 'C:\Users\Lenovo\eclipse-workspace-2\AppiumFrameworkDesign\src\test\java\org\swetha\resources\General-Store.apk'
&amp#27;[35m[AndroidDriver]&amp#27;[39m Performing fast reset on 'com.androidsample.generalstore'
[debug] &amp#27;[35m[ADB]&amp#27;[39m Getting install status for com.androidsample.generalstore
[debug] &amp#27;[35m[ADB]&amp#27;[39m Running 'C:\Users\Lenovo\AppData\Local\Android\Sdk\platform-tools\adb.exe -P 5037 -s emulator-5554 shell dumpsys package com.androidsample.generalstore'
[debug] &amp#27;[35m[ADB]&amp#27;[39m 'com.androidsample.generalstore' is installed
[debug] &amp#27;[35m[ADB]&amp#27;[39m Running 'C:\Users\Lenovo\AppData\Local\Android\Sdk\platform-tools\adb.exe -P 5037 -s emulator-5554 shell am force-stop com.androidsample.generalstore'
[debug] &amp#27;[35m[ADB]&amp#27;[39m Running 'C:\Users\Lenovo\AppData\Local\Android\Sdk\platform-tools\adb.exe -P 5037 -s emulator-5554 shell pm clear com.androidsample.generalstore'
[debug] &amp#27;[35m[AndroidDriver]&amp#27;[39m Performed fast reset on the installed 'com.androidsample.generalstore' application (stop and clear)
[debug] &amp#27;[35m[AndroidUiautomator2Driver@d38f (b4397206)]&amp#27;[39m Performing shallow cleanup of automation leftovers
[debug] &amp#27;[35m[AndroidUiautomator2Driver@d38f (b4397206)]&amp#27;[39m No obsolete sessions have been detected (socket hang up)
[debug] &amp#27;[35m[ADB]&amp#27;[39m Running 'C:\Users\Lenovo\AppData\Local\Android\Sdk\platform-tools\adb.exe -P 5037 -s emulator-5554 shell am force-stop io.appium.uiautomator2.server.test'
&amp#27;[35m[AndroidUiautomator2Driver@d38f (b4397206)]&amp#27;[39m Starting UIAutomator2 server 5.7.4
&amp#27;[35m[AndroidUiautomator2Driver@d38f (b4397206)]&amp#27;[39m Using UIAutomator2 server from 'C:\Users\Lenovo\.appium\node_modules\appium-uiautomator2-driver\node_modules\appium-uiautomator2-server\apks\appium-uiautomator2-server-v5.7.4.apk' and test from 'C:\Users\Lenovo\.appium\node_modules\appium-uiautomator2-driver\node_modules\appium-uiautomator2-server\apks\appium-uiautomator2-server-debug-androidTest.apk'
&amp#27;[35m[AndroidUiautomator2Driver@d38f (b4397206)]&amp#27;[39m Waiting up to 30000ms for UiAutomator2 to be online...
[debug] &amp#27;[35m[ADB]&amp#27;[39m Creating ADB subprocess with args: ["-P",5037,"-s","emulator-5554","shell","am","instrument","-w","-e","disableAnalytics",true,"io.appium.uiautomator2.server.test/androidx.test.runner.AndroidJUnitRunner"]
[debug] &amp#27;[35m[AndroidUiautomator2Driver@d38f (b4397206)]&amp#27;[39m Matched '/status' to command name 'getStatus'
[debug] &amp#27;[35m[AndroidUiautomator2Driver@d38f (b4397206)]&amp#27;[39m Proxying [GET /status] to [GET http://127.0.0.1:8200/status] with no body
&amp#27;[35m[AndroidUiautomator2Driver@d38f (b4397206)]&amp#27;[39m socket hang up
[debug] &amp#27;[35m[AndroidUiautomator2Driver@d38f (b4397206)]&amp#27;[39m Matched '/status' to command name 'getStatus'
[debug] &amp#27;[35m[AndroidUiautomator2Driver@d38f (b4397206)]&amp#27;[39m Proxying [GET /status] to [GET http://127.0.0.1:8200/status] with no body
&amp#27;[35m[AndroidUiautomator2Driver@d38f (b4397206)]&amp#27;[39m socket hang up
[debug] &amp#27;[35m[Instrumentation]&amp#27;[39m io.appium.uiautomator2.server.test.AppiumUiAutomator2Server:
[debug] &amp#27;[35m[AndroidUiautomator2Driver@d38f (b4397206)]&amp#27;[39m Matched '/status' to command name 'getStatus'
[debug] &amp#27;[35m[AndroidUiautomator2Driver@d38f (b4397206)]&amp#27;[39m Proxying [GET /status] to [GET http://127.0.0.1:8200/status] with no body
&amp#27;[35m[AndroidUiautomator2Driver@d38f (b4397206)]&amp#27;[39m socket hang up
[debug] &amp#27;[35m[AndroidUiautomator2Driver@d38f (b4397206)]&amp#27;[39m Matched '/status' to command name 'getStatus'
[debug] &amp#27;[35m[AndroidUiautomator2Driver@d38f (b4397206)]&amp#27;[39m Proxying [GET /status] to [GET http://127.0.0.1:8200/status] with no body
[debug] &amp#27;[35m[AndroidUiautomator2Driver@d38f (b4397206)]&amp#27;[39m Got response with status 200: {"sessionId":"None","value":{"message":"UiAutomator2 Server is ready to accept commands","ready":true}}
[debug] &amp#27;[35m[AndroidUiautomator2Driver@d38f (b4397206)]&amp#27;[39m The initialization of the instrumentation process took 3176ms
[debug] &amp#27;[35m[AndroidUiautomator2Driver@d38f (b4397206)]&amp#27;[39m Matched '/session' to command name 'createSession'
[debug] &amp#27;[35m[AndroidUiautomator2Driver@d38f (b4397206)]&amp#27;[39m Proxying [POST /session] to [POST http://127.0.0.1:8200/session] with body: {"capabilities":{"firstMatch":[{"platform":"LINUX","webStorageEnabled":false,"takesScreenshot":true,"javascriptEnabled":true,"databaseEnabled":false,"networkConnectionEnabled":true,"locationContextEnabled":false,"warnings":{},"desired":{"platformName":"android","app":"C:\\Users\\Lenovo\\eclipse-workspace-2\\AppiumFrameworkDesign\\src\\test\\java\\org\\swetha\\resources\\General-Store.apk","automationName":"UIAutomator2","chromedriverExecutable":"G:\\Mobile Testing\\chromedriver\\chromedriver.exe","deviceName":"Judephone"},"platformName":"android","app":"C:\\Users\\Lenovo\\eclipse-workspace-2\\AppiumFrameworkDesign\\src\\test\\java\\org\\swetha\\resources\\General-Store.apk","automationName":"UIAutomator2","chromedriverExecutable":"G:\\Mobile Testing\\chromedriver\\chromedriver.exe","deviceName":"emulator-5554","deviceUDID":"emulator-5554","appPackage":"com.androidsample.generalstore"}],"alwaysMatch":{}}}
[debug] &amp#27;[35m[AndroidUiautomator2Driver@d38f (b4397206)]&amp#27;[39m Got response with status 200: {"sessionId":"d8f748f3-28bf-472c-b7cf-ebce72e6a21d","value":{"capabilities":{"firstMatch":[{"platform":"LINUX","webStorageEnabled":false,"takesScreenshot":true,"javascriptEnabled":true,"databaseEnabled":false,"networkConnectionEnabled":true,"locationContextEnabled":false,"warnings":{},"desired":{"platformName":"android","app":"C:\\Users\\Lenovo\\eclipse-workspace-2\\AppiumFrameworkDesign\\src\\test\\java\\org\\swetha\\resources\\General-Store.apk","automationName":"UIAutomator2","chromedriverExecutable":"G:\\Mobile Testing\\chromedriver\\chromedriver.exe","deviceName":"Judephone"},"platformName":"android","app":"C:\\Users\\Lenovo\\eclipse-workspace-2\\AppiumFrameworkDesign\\src\\test\\java\\org\\swetha\\resources\\General-Store.apk","automationName":"UIAutomator2","chromedriverExecutable":"G:\\Mobile Testing\\chromedriver\\chromedriver.exe","deviceName":"emulator-5554","deviceUDID":"emulator-5554","appPackage":"com.androidsample.generalstore"}],"alwaysMatch":{}},"sessionId":"d8f748f3-28bf-472c-b7cf-ebce72e...
&amp#27;[35m[AndroidUiautomator2Driver@d38f (b4397206)]&amp#27;[39m Determined the downstream protocol as 'W3C'
[debug] &amp#27;[35m[AndroidUiautomator2Driver@d38f (b4397206)]&amp#27;[39m Proxying [GET /appium/device/info] to [GET http://127.0.0.1:8200/session/d8f748f3-28bf-472c-b7cf-ebce72e6a21d/appium/device/info] with no body
[debug] &amp#27;[35m[AndroidUiautomator2Driver@d38f (b4397206)]&amp#27;[39m Got response with status 200: {"sessionId":"d8f748f3-28bf-472c-b7cf-ebce72e6a21d","value":{"androidId":"d970f489fa587760","apiVersion":"30","bluetooth":{"state":"ON"},"brand":"Android","carrierName":"Android","displayDensity":440,"locale":"en_US","manufacturer":"unknown","model":"Android SDK built for x86","networks":[{"capabilities":{"SSID":null,"linkDownBandwidthKbps":141000,"linkUpstreamBandwidthKbps":141000,"networkCapabilities":"NET_CAPABILITY_NOT_METERED,NET_CAPABILITY_INTERNET,NET_CAPABILITY_NOT_RESTRICTED,NET_CAPABILITY_TRUSTED,NET_CAPABILITY_NOT_VPN,NET_CAPABILITY_VALIDATED,NET_CAPABILITY_NOT_ROAMING,NET_CAPABILITY_FOREGROUND,NET_CAPABILITY_NOT_CONGESTED,NET_CAPABILITY_NOT_SUSPENDED","signalStrength":-30,"transportTypes":"TRANSPORT_WIFI"},"detailedState":"CONNECTED","extraInfo":"","isAvailable":true,"isConnected":true,"isFailover":false,"isRoaming":false,"state":"CONNECTED","subtype":0,"subtypeName":"","type":1,"typeName":"WIFI"},{"capabilities":{"SSID":null,"linkDownBandwidthKbps":30000,"linkUpstreamBandwidthKbps":15000,"netw...
[debug] &amp#27;[35m[ADB]&amp#27;[39m Running 'C:\Users\Lenovo\AppData\Local\Android\Sdk\platform-tools\adb.exe -P 5037 -s emulator-5554 shell dumpsys window'
&amp#27;[35m[AndroidDriver]&amp#27;[39m Screen already unlocked, doing nothing
&amp#27;[35m[AndroidUiautomator2Driver@d38f (b4397206)]&amp#27;[39m Starting 'com.androidsample.generalstore/com.androidsample.generalstore.SplashActivity and waiting for 'com.androidsample.generalstore/com.androidsample.generalstore.SplashActivity'
[debug] &amp#27;[35m[ADB]&amp#27;[39m Running 'C:\Users\Lenovo\AppData\Local\Android\Sdk\platform-tools\adb.exe -P 5037 -s emulator-5554 shell am start -W -n com.androidsample.generalstore/com.androidsample.generalstore.SplashActivity -S -a android.intent.action.MAIN -c android.intent.category.LAUNCHER -f 0x10200000'
[debug] &amp#27;[35m[ADB]&amp#27;[39m Waiting up to 20000ms for activity matching pkg: 'com.androidsample.generalstore' and activity: 'com.androidsample.generalstore.SplashActivity' to be focused
[debug] &amp#27;[35m[ADB]&amp#27;[39m Possible activities, to be checked: 'com.androidsample.generalstore.SplashActivity', 'com.androidsample.generalstore.com.androidsample.generalstore.SplashActivity'
[debug] &amp#27;[35m[ADB]&amp#27;[39m Getting focused package and activity
[debug] &amp#27;[35m[ADB]&amp#27;[39m Running 'C:\Users\Lenovo\AppData\Local\Android\Sdk\platform-tools\adb.exe -P 5037 -s emulator-5554 shell dumpsys window displays'
[debug] &amp#27;[35m[ADB]&amp#27;[39m Found package: 'com.androidsample.generalstore' and fully qualified activity name : 'com.androidsample.generalstore.SplashActivity'
[debug] &amp#27;[35m[AndroidUiautomator2Driver@d38f (b4397206)]&amp#27;[39m Proxying [GET /appium/device/pixel_ratio] to [GET http://127.0.0.1:8200/session/d8f748f3-28bf-472c-b7cf-ebce72e6a21d/appium/device/pixel_ratio] with no body
[debug] &amp#27;[35m[AndroidUiautomator2Driver@d38f (b4397206)]&amp#27;[39m Got response with status 200: {"sessionId":"d8f748f3-28bf-472c-b7cf-ebce72e6a21d","value":2.75}
[debug] &amp#27;[35m[AndroidUiautomator2Driver@d38f (b4397206)]&amp#27;[39m Matched '/appium/device/system_bars' to command name 'getSystemBars'
[debug] &amp#27;[35m[AndroidUiautomator2Driver@d38f (b4397206)]&amp#27;[39m Proxying [GET /appium/device/system_bars] to [GET http://127.0.0.1:8200/session/d8f748f3-28bf-472c-b7cf-ebce72e6a21d/appium/device/system_bars] with no body
[debug] &amp#27;[35m[AndroidUiautomator2Driver@d38f (b4397206)]&amp#27;[39m Got response with status 200: {"sessionId":"d8f748f3-28bf-472c-b7cf-ebce72e6a21d","value":{"statusBar":136}}
[debug] &amp#27;[35m[AndroidUiautomator2Driver@d38f (b4397206)]&amp#27;[39m Matched '/window/current/size' to command name 'getWindowSize'
[debug] &amp#27;[35m[AndroidUiautomator2Driver@d38f (b4397206)]&amp#27;[39m Proxying [GET /window/current/size] to [GET http://127.0.0.1:8200/session/d8f748f3-28bf-472c-b7cf-ebce72e6a21d/window/current/size] with no body
[debug] &amp#27;[35m[AndroidUiautomator2Driver@d38f (b4397206)]&amp#27;[39m Got response with status 200: {"sessionId":"d8f748f3-28bf-472c-b7cf-ebce72e6a21d","value":{"height":2072,"width":1080}}
&amp#27;[35m[AppiumDriver@ed0c]&amp#27;[39m New AndroidUiautomator2Driver session created successfully, session b4397206-452a-42fd-a552-1a0e470eb548 added to master session list
[debug] &amp#27;[35m[AppiumDriver@ed0c]&amp#27;[39m Event 'newSessionStarted' logged at 1677746046576 (14:04:06 GMT+0530 (India Standard Time))
[debug] &amp#27;[35m[AndroidUiautomator2Driver@d38f (b4397206)]&amp#27;[39m Cached the protocol value 'W3C' for the new session b4397206-452a-42fd-a552-1a0e470eb548
[debug] &amp#27;[35m[AndroidUiautomator2Driver@d38f (b4397206)]&amp#27;[39m Responding to client with driver.createSession() result: {"capabilities":{"platform":"LINUX","webStorageEnabled":false,"takesScreenshot":true,"javascriptEnabled":true,"databaseEnabled":false,"networkConnectionEnabled":true,"locationContextEnabled":false,"warnings":{},"desired":{"platformName":"android","app":"C:\\Users\\Lenovo\\eclipse-workspace-2\\AppiumFrameworkDesign\\src\\test\\java\\org\\swetha\\resources\\General-Store.apk","automationName":"UIAutomator2","chromedriverExecutable":"G:\\Mobile Testing\\chromedriver\\chromedriver.exe","deviceName":"Judephone"},"platformName":"android","app":"C:\\Users\\Lenovo\\eclipse-workspace-2\\AppiumFrameworkDesign\\src\\test\\java\\org\\swetha\\resources\\General-Store.apk","automationName":"UIAutomator2","chromedriverExecutable":"G:\\Mobile Testing\\chromedriver\\chromedriver.exe","deviceName":"emulator-5554","deviceUDID":"emulator-5554","appPackage":"com.androidsample.generalstore","deviceApiLevel":30,"platformVersion":"11","deviceScreenSize":"1080x2340","deviceScreenDensity":440,"deviceModel":"Android SDK built for x8...
&amp#27;[35m[HTTP]&amp#27;[39m &amp#27;[37m<-- POST /session &amp#27;[39m&amp#27;[32m200&amp#27;[39m &amp#27;[90m9765 ms - 1218&amp#27;[39m
&amp#27;[35m[HTTP]&amp#27;[39m &amp#27;[90m&amp#27;[39m
&amp#27;[35m[HTTP]&amp#27;[39m &amp#27;[37m-->&amp#27;[39m &amp#27;[37mPOST&amp#27;[39m &amp#27;[37m/session/b4397206-452a-42fd-a552-1a0e470eb548/timeouts&amp#27;[39m
&amp#27;[35m[HTTP]&amp#27;[39m &amp#27;[90m{"implicit":10000}&amp#27;[39m
[debug] &amp#27;[35m[AndroidUiautomator2Driver@d38f (b4397206)]&amp#27;[39m Calling AppiumDriver.timeouts() with args: [null,null,null,null,10000,"b4397206-452a-42fd-a552-1a0e470eb548"]
[debug] &amp#27;[35m[AndroidUiautomator2Driver@d38f (b4397206)]&amp#27;[39m W3C timeout argument: {"implicit":10000}}
[debug] &amp#27;[35m[AndroidUiautomator2Driver@d38f (b4397206)]&amp#27;[39m Set implicit wait to 10000ms
[debug] &amp#27;[35m[AndroidUiautomator2Driver@d38f (b4397206)]&amp#27;[39m Responding to client with driver.timeouts() result: null
&amp#27;[35m[HTTP]&amp#27;[39m &amp#27;[37m<-- POST /session/b4397206-452a-42fd-a552-1a0e470eb548/timeouts &amp#27;[39m&amp#27;[32m200&amp#27;[39m &amp#27;[90m8 ms - 14&amp#27;[39m
&amp#27;[35m[HTTP]&amp#27;[39m &amp#27;[90m&amp#27;[39m
&amp#27;[35m[HTTP]&amp#27;[39m &amp#27;[37m-->&amp#27;[39m &amp#27;[37mPOST&amp#27;[39m &amp#27;[37m/session/b4397206-452a-42fd-a552-1a0e470eb548/appium/device/start_activity&amp#27;[39m
&amp#27;[35m[HTTP]&amp#27;[39m &amp#27;[90m{"appPackage":"com.androidsample.generalstore","appActivity":"com.androidsample.generalstore.MainActivity","appWaitPackage":"","appWaitActivity":"","dontStopAppOnReset":false,"intentAction":"","intentCategory":"","intentFlags":"","optionalIntentArguments":""}&amp#27;[39m
[debug] &amp#27;[35m[AndroidUiautomator2Driver@d38f (b4397206)]&amp#27;[39m Calling AppiumDriver.startActivity() with args: ["com.androidsample.generalstore","com.androidsample.generalstore.MainActivity","","","","","","",false,null,null,"b4397206-452a-42fd-a552-1a0e470eb548"]
[debug] &amp#27;[35m[AndroidUiautomator2Driver@d38f (b4397206)]&amp#27;[39m Starting package 'com.androidsample.generalstore' and activity 'com.androidsample.generalstore.MainActivity'
[debug] &amp#27;[35m[ADB]&amp#27;[39m Running 'C:\Users\Lenovo\AppData\Local\Android\Sdk\platform-tools\adb.exe -P 5037 -s emulator-5554 shell am start -W -n com.androidsample.generalstore/com.androidsample.generalstore.MainActivity -S'
[debug] &amp#27;[35m[ADB]&amp#27;[39m Waiting up to 20000ms for activity matching pkg: 'com.androidsample.generalstore' and activity: 'com.androidsample.generalstore.MainActivity' to be focused
[debug] &amp#27;[35m[ADB]&amp#27;[39m Possible activities, to be checked: 'com.androidsample.generalstore.MainActivity', 'com.androidsample.generalstore.com.androidsample.generalstore.MainActivity'
[debug] &amp#27;[35m[ADB]&amp#27;[39m Getting focused package and activity
[debug] &amp#27;[35m[ADB]&amp#27;[39m Running 'C:\Users\Lenovo\AppData\Local\Android\Sdk\platform-tools\adb.exe -P 5037 -s emulator-5554 shell dumpsys window displays'
[debug] &amp#27;[35m[ADB]&amp#27;[39m Found package: 'com.androidsample.generalstore' and fully qualified activity name : 'com.androidsample.generalstore.MainActivity'
[debug] &amp#27;[35m[AndroidUiautomator2Driver@d38f (b4397206)]&amp#27;[39m Responding to client with driver.startActivity() result: null
&amp#27;[35m[HTTP]&amp#27;[39m &amp#27;[37m<-- POST /session/b4397206-452a-42fd-a552-1a0e470eb548/appium/device/start_activity &amp#27;[39m&amp#27;[32m200&amp#27;[39m &amp#27;[90m1849 ms - 14&amp#27;[39m
&amp#27;[35m[HTTP]&amp#27;[39m &amp#27;[90m&amp#27;[39m
&amp#27;[35m[HTTP]&amp#27;[39m &amp#27;[37m-->&amp#27;[39m &amp#27;[37mPOST&amp#27;[39m &amp#27;[37m/session/b4397206-452a-42fd-a552-1a0e470eb548/element&amp#27;[39m
&amp#27;[35m[HTTP]&amp#27;[39m &amp#27;[90m{"using":"id","value":"com.androidsample.generalstore:id/nameField"}&amp#27;[39m
[debug] &amp#27;[35m[AndroidUiautomator2Driver@d38f (b4397206)]&amp#27;[39m Calling AppiumDriver.findElement() with args: ["id","com.androidsample.generalstore:id/nameField","b4397206-452a-42fd-a552-1a0e470eb548"]
[debug] &amp#27;[35m[AndroidUiautomator2Driver@d38f (b4397206)]&amp#27;[39m Valid locator strategies for this request: xpath, id, class name, accessibility id, css selector, -android uiautomator
[debug] &amp#27;[35m[AndroidUiautomator2Driver@d38f (b4397206)]&amp#27;[39m Waiting up to 10000 ms for condition
[debug] &amp#27;[35m[AndroidUiautomator2Driver@d38f (b4397206)]&amp#27;[39m Matched '/element' to command name 'findElement'
[debug] &amp#27;[35m[AndroidUiautomator2Driver@d38f (b4397206)]&amp#27;[39m Proxying [POST /element] to [POST http://127.0.0.1:8200/session/d8f748f3-28bf-472c-b7cf-ebce72e6a21d/element] with body: {"strategy":"id","selector":"com.androidsample.generalstore:id/nameField","context":"","multiple":false}
[debug] &amp#27;[35m[AndroidUiautomator2Driver@d38f (b4397206)]&amp#27;[39m Got response with status 200: {"sessionId":"d8f748f3-28bf-472c-b7cf-ebce72e6a21d","value":{"ELEMENT":"00000000-0000-0075-ffff-ffff00000013","element-6066-11e4-a52e-4f735466cecf":"00000000-0000-0075-ffff-ffff00000013"}}
[debug] &amp#27;[35m[AndroidUiautomator2Driver@d38f (b4397206)]&amp#27;[39m Responding to client with driver.findElement() result: {"element-6066-11e4-a52e-4f735466cecf":"00000000-0000-0075-ffff-ffff00000013","ELEMENT":"00000000-0000-0075-ffff-ffff00000013"}
&amp#27;[35m[HTTP]&amp#27;[39m &amp#27;[37m<-- POST /session/b4397206-452a-42fd-a552-1a0e470eb548/element &amp#27;[39m&amp#27;[32m200&amp#27;[39m &amp#27;[90m259 ms - 137&amp#27;[39m
&amp#27;[35m[HTTP]&amp#27;[39m &amp#27;[90m&amp#27;[39m
&amp#27;[35m[HTTP]&amp#27;[39m &amp#27;[37m-->&amp#27;[39m &amp#27;[37mPOST&amp#27;[39m &amp#27;[37m/session/b4397206-452a-42fd-a552-1a0e470eb548/element/00000000-0000-0075-ffff-ffff00000013/value&amp#27;[39m
&amp#27;[35m[HTTP]&amp#27;[39m &amp#27;[90m{"id":"00000000-0000-0075-ffff-ffff00000013","text":"Swe","value":["S","w","e"]}&amp#27;[39m
[debug] &amp#27;[35m[AndroidUiautomator2Driver@d38f (b4397206)]&amp#27;[39m Calling AppiumDriver.setValue() with args: [["S","w","e"],"00000000-0000-0075-ffff-ffff00000013","b4397206-452a-42fd-a552-1a0e470eb548"]
[debug] &amp#27;[35m[AndroidUiautomator2Driver@d38f (b4397206)]&amp#27;[39m Matched '/element/00000000-0000-0075-ffff-ffff00000013/value' to command name 'setValue'
[debug] &amp#27;[35m[AndroidUiautomator2Driver@d38f (b4397206)]&amp#27;[39m Added 'value' property ["S","w","e"] to 'setValue' request body
[debug] &amp#27;[35m[AndroidUiautomator2Driver@d38f (b4397206)]&amp#27;[39m Proxying [POST /element/00000000-0000-0075-ffff-ffff00000013/value] to [POST http://127.0.0.1:8200/session/d8f748f3-28bf-472c-b7cf-ebce72e6a21d/element/00000000-0000-0075-ffff-ffff00000013/value] with body: {"elementId":"00000000-0000-0075-ffff-ffff00000013","text":"Swe","replace":false,"value":["S","w","e"]}
[debug] &amp#27;[35m[AndroidUiautomator2Driver@d38f (b4397206)]&amp#27;[39m Got response with status 200: {"sessionId":"d8f748f3-28bf-472c-b7cf-ebce72e6a21d","value":null}
[debug] &amp#27;[35m[AndroidUiautomator2Driver@d38f (b4397206)]&amp#27;[39m Responding to client with driver.setValue() result: null
&amp#27;[35m[HTTP]&amp#27;[39m &amp#27;[37m<-- POST /session/b4397206-452a-42fd-a552-1a0e470eb548/element/00000000-0000-0075-ffff-ffff00000013/value &amp#27;[39m&amp#27;[32m200&amp#27;[39m &amp#27;[90m574 ms - 14&amp#27;[39m
&amp#27;[35m[HTTP]&amp#27;[39m &amp#27;[90m&amp#27;[39m
&amp#27;[35m[HTTP]&amp#27;[39m &amp#27;[37m-->&amp#27;[39m &amp#27;[37mPOST&amp#27;[39m &amp#27;[37m/session/b4397206-452a-42fd-a552-1a0e470eb548/appium/device/hide_keyboard&amp#27;[39m
&amp#27;[35m[HTTP]&amp#27;[39m &amp#27;[90m{}&amp#27;[39m
[debug] &amp#27;[35m[AndroidUiautomator2Driver@d38f (b4397206)]&amp#27;[39m Calling AppiumDriver.hideKeyboard() with args: [null,null,null,null,"b4397206-452a-42fd-a552-1a0e470eb548"]
[debug] &amp#27;[35m[ADB]&amp#27;[39m Running 'C:\Users\Lenovo\AppData\Local\Android\Sdk\platform-tools\adb.exe -P 5037 -s emulator-5554 shell dumpsys input_method'
&amp#27;[35m[ADB]&amp#27;[39m Keyboard has no UI; no closing necessary
[debug] &amp#27;[35m[AndroidUiautomator2Driver@d38f (b4397206)]&amp#27;[39m Responding to client with driver.hideKeyboard() result: false
&amp#27;[35m[HTTP]&amp#27;[39m &amp#27;[37m<-- POST /session/b4397206-452a-42fd-a552-1a0e470eb548/appium/device/hide_keyboard &amp#27;[39m&amp#27;[32m200&amp#27;[39m &amp#27;[90m181 ms - 15&amp#27;[39m
&amp#27;[35m[HTTP]&amp#27;[39m &amp#27;[90m&amp#27;[39m
&amp#27;[35m[HTTP]&amp#27;[39m &amp#27;[37m-->&amp#27;[39m &amp#27;[37mPOST&amp#27;[39m &amp#27;[37m/session/b4397206-452a-42fd-a552-1a0e470eb548/element&amp#27;[39m
&amp#27;[35m[HTTP]&amp#27;[39m &amp#27;[90m{"using":"xpath","value":"//android.widget.RadioButton[@text='Female']"}&amp#27;[39m
[debug] &amp#27;[35m[AndroidUiautomator2Driver@d38f (b4397206)]&amp#27;[39m Calling AppiumDriver.findElement() with args: ["xpath","//android.widget.RadioButton[@text='Female']","b4397206-452a-42fd-a552-1a0e470eb548"]
[debug] &amp#27;[35m[AndroidUiautomator2Driver@d38f (b4397206)]&amp#27;[39m Valid locator strategies for this request: xpath, id, class name, accessibility id, css selector, -android uiautomator
[debug] &amp#27;[35m[AndroidUiautomator2Driver@d38f (b4397206)]&amp#27;[39m Waiting up to 10000 ms for condition
[debug] &amp#27;[35m[AndroidUiautomator2Driver@d38f (b4397206)]&amp#27;[39m Matched '/element' to command name 'findElement'
[debug] &amp#27;[35m[AndroidUiautomator2Driver@d38f (b4397206)]&amp#27;[39m Proxying [POST /element] to [POST http://127.0.0.1:8200/session/d8f748f3-28bf-472c-b7cf-ebce72e6a21d/element] with body: {"strategy":"xpath","selector":"//android.widget.RadioButton[@text='Female']","context":"","multiple":false}
[debug] &amp#27;[35m[AndroidUiautomator2Driver@d38f (b4397206)]&amp#27;[39m Got response with status 200: {"sessionId":"d8f748f3-28bf-472c-b7cf-ebce72e6a21d","value":{"ELEMENT":"00000000-0000-0075-ffff-ffff00000017","element-6066-11e4-a52e-4f735466cecf":"00000000-0000-0075-ffff-ffff00000017"}}
[debug] &amp#27;[35m[AndroidUiautomator2Driver@d38f (b4397206)]&amp#27;[39m Responding to client with driver.findElement() result: {"element-6066-11e4-a52e-4f735466cecf":"00000000-0000-0075-ffff-ffff00000017","ELEMENT":"00000000-0000-0075-ffff-ffff00000017"}
&amp#27;[35m[HTTP]&amp#27;[39m &amp#27;[37m<-- POST /session/b4397206-452a-42fd-a552-1a0e470eb548/element &amp#27;[39m&amp#27;[32m200&amp#27;[39m &amp#27;[90m1777 ms - 137&amp#27;[39m
&amp#27;[35m[HTTP]&amp#27;[39m &amp#27;[90m&amp#27;[39m
&amp#27;[35m[HTTP]&amp#27;[39m &amp#27;[37m-->&amp#27;[39m &amp#27;[37mPOST&amp#27;[39m &amp#27;[37m/session/b4397206-452a-42fd-a552-1a0e470eb548/element/00000000-0000-0075-ffff-ffff00000017/click&amp#27;[39m
&amp#27;[35m[HTTP]&amp#27;[39m &amp#27;[90m{"id":"00000000-0000-0075-ffff-ffff00000017"}&amp#27;[39m
[debug] &amp#27;[35m[AndroidUiautomator2Driver@d38f (b4397206)]&amp#27;[39m Calling AppiumDriver.click() with args: ["00000000-0000-0075-ffff-ffff00000017","b4397206-452a-42fd-a552-1a0e470eb548"]
[debug] &amp#27;[35m[AndroidUiautomator2Driver@d38f (b4397206)]&amp#27;[39m Matched '/element/00000000-0000-0075-ffff-ffff00000017/click' to command name 'click'
[debug] &amp#27;[35m[AndroidUiautomator2Driver@d38f (b4397206)]&amp#27;[39m Proxying [POST /element/00000000-0000-0075-ffff-ffff00000017/click] to [POST http://127.0.0.1:8200/session/d8f748f3-28bf-472c-b7cf-ebce72e6a21d/element/00000000-0000-0075-ffff-ffff00000017/click] with body: {"element":"00000000-0000-0075-ffff-ffff00000017"}
[debug] &amp#27;[35m[AndroidUiautomator2Driver@d38f (b4397206)]&amp#27;[39m Got response with status 200: {"sessionId":"d8f748f3-28bf-472c-b7cf-ebce72e6a21d","value":null}
[debug] &amp#27;[35m[AndroidUiautomator2Driver@d38f (b4397206)]&amp#27;[39m Responding to client with driver.click() result: null
&amp#27;[35m[HTTP]&amp#27;[39m &amp#27;[37m<-- POST /session/b4397206-452a-42fd-a552-1a0e470eb548/element/00000000-0000-0075-ffff-ffff00000017/click &amp#27;[39m&amp#27;[32m200&amp#27;[39m &amp#27;[90m62 ms - 14&amp#27;[39m
&amp#27;[35m[HTTP]&amp#27;[39m &amp#27;[90m&amp#27;[39m
&amp#27;[35m[HTTP]&amp#27;[39m &amp#27;[37m-->&amp#27;[39m &amp#27;[37mPOST&amp#27;[39m &amp#27;[37m/session/b4397206-452a-42fd-a552-1a0e470eb548/element&amp#27;[39m
&amp#27;[35m[HTTP]&amp#27;[39m &amp#27;[90m{"using":"id","value":"com.androidsample.generalstore:id/spinnerCountry"}&amp#27;[39m
[debug] &amp#27;[35m[AndroidUiautomator2Driver@d38f (b4397206)]&amp#27;[39m Calling AppiumDriver.findElement() with args: ["id","com.androidsample.generalstore:id/spinnerCountry","b4397206-452a-42fd-a552-1a0e470eb548"]
[debug] &amp#27;[35m[AndroidUiautomator2Driver@d38f (b4397206)]&amp#27;[39m Valid locator strategies for this request: xpath, id, class name, accessibility id, css selector, -android uiautomator
[debug] &amp#27;[35m[AndroidUiautomator2Driver@d38f (b4397206)]&amp#27;[39m Waiting up to 10000 ms for condition
[debug] &amp#27;[35m[AndroidUiautomator2Driver@d38f (b4397206)]&amp#27;[39m Matched '/element' to command name 'findElement'
[debug] &amp#27;[35m[AndroidUiautomator2Driver@d38f (b4397206)]&amp#27;[39m Proxying [POST /element] to [POST http://127.0.0.1:8200/session/d8f748f3-28bf-472c-b7cf-ebce72e6a21d/element] with body: {"strategy":"id","selector":"com.androidsample.generalstore:id/spinnerCountry","context":"","multiple":false}
[debug] &amp#27;[35m[AndroidUiautomator2Driver@d38f (b4397206)]&amp#27;[39m Got response with status 200: {"sessionId":"d8f748f3-28bf-472c-b7cf-ebce72e6a21d","value":{"ELEMENT":"00000000-0000-0075-ffff-ffff00000011","element-6066-11e4-a52e-4f735466cecf":"00000000-0000-0075-ffff-ffff00000011"}}
[debug] &amp#27;[35m[AndroidUiautomator2Driver@d38f (b4397206)]&amp#27;[39m Responding to client with driver.findElement() result: {"element-6066-11e4-a52e-4f735466cecf":"00000000-0000-0075-ffff-ffff00000011","ELEMENT":"00000000-0000-0075-ffff-ffff00000011"}
&amp#27;[35m[HTTP]&amp#27;[39m &amp#27;[37m<-- POST /session/b4397206-452a-42fd-a552-1a0e470eb548/element &amp#27;[39m&amp#27;[32m200&amp#27;[39m &amp#27;[90m106 ms - 137&amp#27;[39m
&amp#27;[35m[HTTP]&amp#27;[39m &amp#27;[90m&amp#27;[39m
&amp#27;[35m[HTTP]&amp#27;[39m &amp#27;[37m-->&amp#27;[39m &amp#27;[37mPOST&amp#27;[39m &amp#27;[37m/session/b4397206-452a-42fd-a552-1a0e470eb548/element/00000000-0000-0075-ffff-ffff00000011/click&amp#27;[39m
&amp#27;[35m[HTTP]&amp#27;[39m &amp#27;[90m{"id":"00000000-0000-0075-ffff-ffff00000011"}&amp#27;[39m
[debug] &amp#27;[35m[AndroidUiautomator2Driver@d38f (b4397206)]&amp#27;[39m Calling AppiumDriver.click() with args: ["00000000-0000-0075-ffff-ffff00000011","b4397206-452a-42fd-a552-1a0e470eb548"]
[debug] &amp#27;[35m[AndroidUiautomator2Driver@d38f (b4397206)]&amp#27;[39m Matched '/element/00000000-0000-0075-ffff-ffff00000011/click' to command name 'click'
[debug] &amp#27;[35m[AndroidUiautomator2Driver@d38f (b4397206)]&amp#27;[39m Proxying [POST /element/00000000-0000-0075-ffff-ffff00000011/click] to [POST http://127.0.0.1:8200/session/d8f748f3-28bf-472c-b7cf-ebce72e6a21d/element/00000000-0000-0075-ffff-ffff00000011/click] with body: {"element":"00000000-0000-0075-ffff-ffff00000011"}
[debug] &amp#27;[35m[AndroidUiautomator2Driver@d38f (b4397206)]&amp#27;[39m Got response with status 200: {"sessionId":"d8f748f3-28bf-472c-b7cf-ebce72e6a21d","value":null}
[debug] &amp#27;[35m[AndroidUiautomator2Driver@d38f (b4397206)]&amp#27;[39m Responding to client with driver.click() result: null
&amp#27;[35m[HTTP]&amp#27;[39m &amp#27;[37m<-- POST /session/b4397206-452a-42fd-a552-1a0e470eb548/element/00000000-0000-0075-ffff-ffff00000011/click &amp#27;[39m&amp#27;[32m200&amp#27;[39m &amp#27;[90m538 ms - 14&amp#27;[39m
&amp#27;[35m[HTTP]&amp#27;[39m &amp#27;[90m&amp#27;[39m
&amp#27;[35m[HTTP]&amp#27;[39m &amp#27;[37m-->&amp#27;[39m &amp#27;[37mPOST&amp#27;[39m &amp#27;[37m/session/b4397206-452a-42fd-a552-1a0e470eb548/element&amp#27;[39m
&amp#27;[35m[HTTP]&amp#27;[39m &amp#27;[90m{"using":"-android uiautomator","value":"new UiScrollable(new UiSelector().scrollable(true)).scrollIntoView(new UiSelector().textContains(\"Australia\"));"}&amp#27;[39m
[debug] &amp#27;[35m[AndroidUiautomator2Driver@d38f (b4397206)]&amp#27;[39m Calling AppiumDriver.findElement() with args: ["-android uiautomator","new UiScrollable(new UiSelector().scrollable(true)).scrollIntoView(new UiSelector().textContains(\"Australia\"));","b4397206-452a-42fd-a552-1a0e470eb548"]
[debug] &amp#27;[35m[AndroidUiautomator2Driver@d38f (b4397206)]&amp#27;[39m Valid locator strategies for this request: xpath, id, class name, accessibility id, css selector, -android uiautomator
[debug] &amp#27;[35m[AndroidUiautomator2Driver@d38f (b4397206)]&amp#27;[39m Waiting up to 10000 ms for condition
[debug] &amp#27;[35m[AndroidUiautomator2Driver@d38f (b4397206)]&amp#27;[39m Matched '/element' to command name 'findElement'
[debug] &amp#27;[35m[AndroidUiautomator2Driver@d38f (b4397206)]&amp#27;[39m Proxying [POST /element] to [POST http://127.0.0.1:8200/session/d8f748f3-28bf-472c-b7cf-ebce72e6a21d/element] with body: {"strategy":"-android uiautomator","selector":"new UiScrollable(new UiSelector().scrollable(true)).scrollIntoView(new UiSelector().textContains(\"Australia\"));","context":"","multiple":false}
[debug] &amp#27;[35m[AndroidUiautomator2Driver@d38f (b4397206)]&amp#27;[39m Got response with status 200: {"sessionId":"d8f748f3-28bf-472c-b7cf-ebce72e6a21d","value":{"ELEMENT":"00000000-0000-0076-ffff-ffff00000022","element-6066-11e4-a52e-4f735466cecf":"00000000-0000-0076-ffff-ffff00000022"}}
[debug] &amp#27;[35m[AndroidUiautomator2Driver@d38f (b4397206)]&amp#27;[39m Responding to client with driver.findElement() result: {"element-6066-11e4-a52e-4f735466cecf":"00000000-0000-0076-ffff-ffff00000022","ELEMENT":"00000000-0000-0076-ffff-ffff00000022"}
&amp#27;[35m[HTTP]&amp#27;[39m &amp#27;[37m<-- POST /session/b4397206-452a-42fd-a552-1a0e470eb548/element &amp#27;[39m&amp#27;[32m200&amp#27;[39m &amp#27;[90m5978 ms - 137&amp#27;[39m
&amp#27;[35m[HTTP]&amp#27;[39m &amp#27;[90m&amp#27;[39m
&amp#27;[35m[HTTP]&amp#27;[39m &amp#27;[37m-->&amp#27;[39m &amp#27;[37mPOST&amp#27;[39m &amp#27;[37m/session/b4397206-452a-42fd-a552-1a0e470eb548/element/00000000-0000-0076-ffff-ffff00000022/click&amp#27;[39m
&amp#27;[35m[HTTP]&amp#27;[39m &amp#27;[90m{"id":"00000000-0000-0076-ffff-ffff00000022"}&amp#27;[39m
[debug] &amp#27;[35m[AndroidUiautomator2Driver@d38f (b4397206)]&amp#27;[39m Calling AppiumDriver.click() with args: ["00000000-0000-0076-ffff-ffff00000022","b4397206-452a-42fd-a552-1a0e470eb548"]
[debug] &amp#27;[35m[AndroidUiautomator2Driver@d38f (b4397206)]&amp#27;[39m Matched '/element/00000000-0000-0076-ffff-ffff00000022/click' to command name 'click'
[debug] &amp#27;[35m[AndroidUiautomator2Driver@d38f (b4397206)]&amp#27;[39m Proxying [POST /element/00000000-0000-0076-ffff-ffff00000022/click] to [POST http://127.0.0.1:8200/session/d8f748f3-28bf-472c-b7cf-ebce72e6a21d/element/00000000-0000-0076-ffff-ffff00000022/click] with body: {"element":"00000000-0000-0076-ffff-ffff00000022"}
[debug] &amp#27;[35m[AndroidUiautomator2Driver@d38f (b4397206)]&amp#27;[39m Got response with status 200: {"sessionId":"d8f748f3-28bf-472c-b7cf-ebce72e6a21d","value":null}
[debug] &amp#27;[35m[AndroidUiautomator2Driver@d38f (b4397206)]&amp#27;[39m Responding to client with driver.click() result: null
&amp#27;[35m[HTTP]&amp#27;[39m &amp#27;[37m<-- POST /session/b4397206-452a-42fd-a552-1a0e470eb548/element/00000000-0000-0076-ffff-ffff00000022/click &amp#27;[39m&amp#27;[32m200&amp#27;[39m &amp#27;[90m763 ms - 14&amp#27;[39m
&amp#27;[35m[HTTP]&amp#27;[39m &amp#27;[90m&amp#27;[39m
&amp#27;[35m[HTTP]&amp#27;[39m &amp#27;[37m-->&amp#27;[39m &amp#27;[37mPOST&amp#27;[39m &amp#27;[37m/session/b4397206-452a-42fd-a552-1a0e470eb548/element&amp#27;[39m
&amp#27;[35m[HTTP]&amp#27;[39m &amp#27;[90m{"using":"id","value":"com.androidsample.generalstore:id/btnLetsShop"}&amp#27;[39m
[debug] &amp#27;[35m[AndroidUiautomator2Driver@d38f (b4397206)]&amp#27;[39m Calling AppiumDriver.findElement() with args: ["id","com.androidsample.generalstore:id/btnLetsShop","b4397206-452a-42fd-a552-1a0e470eb548"]
[debug] &amp#27;[35m[AndroidUiautomator2Driver@d38f (b4397206)]&amp#27;[39m Valid locator strategies for this request: xpath, id, class name, accessibility id, css selector, -android uiautomator
[debug] &amp#27;[35m[AndroidUiautomator2Driver@d38f (b4397206)]&amp#27;[39m Waiting up to 10000 ms for condition
[debug] &amp#27;[35m[AndroidUiautomator2Driver@d38f (b4397206)]&amp#27;[39m Matched '/element' to command name 'findElement'
[debug] &amp#27;[35m[AndroidUiautomator2Driver@d38f (b4397206)]&amp#27;[39m Proxying [POST /element] to [POST http://127.0.0.1:8200/session/d8f748f3-28bf-472c-b7cf-ebce72e6a21d/element] with body: {"strategy":"id","selector":"com.androidsample.generalstore:id/btnLetsShop","context":"","multiple":false}
[debug] &amp#27;[35m[AndroidUiautomator2Driver@d38f (b4397206)]&amp#27;[39m Got response with status 200: {"sessionId":"d8f748f3-28bf-472c-b7cf-ebce72e6a21d","value":{"ELEMENT":"00000000-0000-0075-ffff-ffff00000018","element-6066-11e4-a52e-4f735466cecf":"00000000-0000-0075-ffff-ffff00000018"}}
[debug] &amp#27;[35m[AndroidUiautomator2Driver@d38f (b4397206)]&amp#27;[39m Responding to client with driver.findElement() result: {"element-6066-11e4-a52e-4f735466cecf":"00000000-0000-0075-ffff-ffff00000018","ELEMENT":"00000000-0000-0075-ffff-ffff00000018"}
&amp#27;[35m[HTTP]&amp#27;[39m &amp#27;[37m<-- POST /session/b4397206-452a-42fd-a552-1a0e470eb548/element &amp#27;[39m&amp#27;[32m200&amp#27;[39m &amp#27;[90m75 ms - 137&amp#27;[39m
&amp#27;[35m[HTTP]&amp#27;[39m &amp#27;[90m&amp#27;[39m
&amp#27;[35m[HTTP]&amp#27;[39m &amp#27;[37m-->&amp#27;[39m &amp#27;[37mPOST&amp#27;[39m &amp#27;[37m/session/b4397206-452a-42fd-a552-1a0e470eb548/element/00000000-0000-0075-ffff-ffff00000018/click&amp#27;[39m
&amp#27;[35m[HTTP]&amp#27;[39m &amp#27;[90m{"id":"00000000-0000-0075-ffff-ffff00000018"}&amp#27;[39m
[debug] &amp#27;[35m[AndroidUiautomator2Driver@d38f (b4397206)]&amp#27;[39m Calling AppiumDriver.click() with args: ["00000000-0000-0075-ffff-ffff00000018","b4397206-452a-42fd-a552-1a0e470eb548"]
[debug] &amp#27;[35m[AndroidUiautomator2Driver@d38f (b4397206)]&amp#27;[39m Matched '/element/00000000-0000-0075-ffff-ffff00000018/click' to command name 'click'
[debug] &amp#27;[35m[AndroidUiautomator2Driver@d38f (b4397206)]&amp#27;[39m Proxying [POST /element/00000000-0000-0075-ffff-ffff00000018/click] to [POST http://127.0.0.1:8200/session/d8f748f3-28bf-472c-b7cf-ebce72e6a21d/element/00000000-0000-0075-ffff-ffff00000018/click] with body: {"element":"00000000-0000-0075-ffff-ffff00000018"}
[debug] &amp#27;[35m[AndroidUiautomator2Driver@d38f (b4397206)]&amp#27;[39m Got response with status 200: {"sessionId":"d8f748f3-28bf-472c-b7cf-ebce72e6a21d","value":null}
[debug] &amp#27;[35m[AndroidUiautomator2Driver@d38f (b4397206)]&amp#27;[39m Responding to client with driver.click() result: null
&amp#27;[35m[HTTP]&amp#27;[39m &amp#27;[37m<-- POST /session/b4397206-452a-42fd-a552-1a0e470eb548/element/00000000-0000-0075-ffff-ffff00000018/click &amp#27;[39m&amp#27;[32m200&amp#27;[39m &amp#27;[90m90 ms - 14&amp#27;[39m
&amp#27;[35m[HTTP]&amp#27;[39m &amp#27;[90m&amp#27;[39m
]]></system-out>
    <system-err><![CDATA[SLF4J: No SLF4J providers were found.
SLF4J: Defaulting to no-operation (NOP) logger implementation
SLF4J: See https://www.slf4j.org/codes.html#noProviders for further details.
]]></system-err>
  </testcase>
  <testcase name="eCommerceTest[Disan, Male, Brazil](2)" classname="org.swetha.ShoppingApplication2" time="16.394">
    <system-out><![CDATA[&amp#27;[35m[HTTP]&amp#27;[39m &amp#27;[37m-->&amp#27;[39m &amp#27;[37mPOST&amp#27;[39m &amp#27;[37m/session/b4397206-452a-42fd-a552-1a0e470eb548/appium/device/start_activity&amp#27;[39m
&amp#27;[35m[HTTP]&amp#27;[39m &amp#27;[90m{"appPackage":"com.androidsample.generalstore","appActivity":"com.androidsample.generalstore.MainActivity","appWaitPackage":"","appWaitActivity":"","dontStopAppOnReset":false,"intentAction":"","intentCategory":"","intentFlags":"","optionalIntentArguments":""}&amp#27;[39m
[debug] &amp#27;[35m[AndroidUiautomator2Driver@d38f (b4397206)]&amp#27;[39m Calling AppiumDriver.startActivity() with args: ["com.androidsample.generalstore","com.androidsample.generalstore.MainActivity","","","","","","",false,null,null,"b4397206-452a-42fd-a552-1a0e470eb548"]
[debug] &amp#27;[35m[AndroidUiautomator2Driver@d38f (b4397206)]&amp#27;[39m Starting package 'com.androidsample.generalstore' and activity 'com.androidsample.generalstore.MainActivity'
[debug] &amp#27;[35m[ADB]&amp#27;[39m Running 'C:\Users\Lenovo\AppData\Local\Android\Sdk\platform-tools\adb.exe -P 5037 -s emulator-5554 shell am start -W -n com.androidsample.generalstore/com.androidsample.generalstore.MainActivity -S'
[debug] &amp#27;[35m[ADB]&amp#27;[39m Waiting up to 20000ms for activity matching pkg: 'com.androidsample.generalstore' and activity: 'com.androidsample.generalstore.MainActivity' to be focused
[debug] &amp#27;[35m[ADB]&amp#27;[39m Possible activities, to be checked: 'com.androidsample.generalstore.MainActivity', 'com.androidsample.generalstore.com.androidsample.generalstore.MainActivity'
[debug] &amp#27;[35m[ADB]&amp#27;[39m Getting focused package and activity
[debug] &amp#27;[35m[ADB]&amp#27;[39m Running 'C:\Users\Lenovo\AppData\Local\Android\Sdk\platform-tools\adb.exe -P 5037 -s emulator-5554 shell dumpsys window displays'
[debug] &amp#27;[35m[ADB]&amp#27;[39m Found package: 'com.androidsample.generalstore' and fully qualified activity name : 'com.androidsample.generalstore.MainActivity'
[debug] &amp#27;[35m[AndroidUiautomator2Driver@d38f (b4397206)]&amp#27;[39m Responding to client with driver.startActivity() result: null
&amp#27;[35m[HTTP]&amp#27;[39m &amp#27;[37m<-- POST /session/b4397206-452a-42fd-a552-1a0e470eb548/appium/device/start_activity &amp#27;[39m&amp#27;[32m200&amp#27;[39m &amp#27;[90m6826 ms - 14&amp#27;[39m
&amp#27;[35m[HTTP]&amp#27;[39m &amp#27;[90m&amp#27;[39m
&amp#27;[35m[HTTP]&amp#27;[39m &amp#27;[37m-->&amp#27;[39m &amp#27;[37mPOST&amp#27;[39m &amp#27;[37m/session/b4397206-452a-42fd-a552-1a0e470eb548/element&amp#27;[39m
&amp#27;[35m[HTTP]&amp#27;[39m &amp#27;[90m{"using":"id","value":"com.androidsample.generalstore:id/nameField"}&amp#27;[39m
[debug] &amp#27;[35m[AndroidUiautomator2Driver@d38f (b4397206)]&amp#27;[39m Calling AppiumDriver.findElement() with args: ["id","com.androidsample.generalstore:id/nameField","b4397206-452a-42fd-a552-1a0e470eb548"]
[debug] &amp#27;[35m[AndroidUiautomator2Driver@d38f (b4397206)]&amp#27;[39m Valid locator strategies for this request: xpath, id, class name, accessibility id, css selector, -android uiautomator
[debug] &amp#27;[35m[AndroidUiautomator2Driver@d38f (b4397206)]&amp#27;[39m Waiting up to 10000 ms for condition
[debug] &amp#27;[35m[AndroidUiautomator2Driver@d38f (b4397206)]&amp#27;[39m Matched '/element' to command name 'findElement'
[debug] &amp#27;[35m[AndroidUiautomator2Driver@d38f (b4397206)]&amp#27;[39m Proxying [POST /element] to [POST http://127.0.0.1:8200/session/d8f748f3-28bf-472c-b7cf-ebce72e6a21d/element] with body: {"strategy":"id","selector":"com.androidsample.generalstore:id/nameField","context":"","multiple":false}
[debug] &amp#27;[35m[AndroidUiautomator2Driver@d38f (b4397206)]&amp#27;[39m Got response with status 200: {"sessionId":"d8f748f3-28bf-472c-b7cf-ebce72e6a21d","value":{"ELEMENT":"00000000-0000-0079-ffff-ffff00000013","element-6066-11e4-a52e-4f735466cecf":"00000000-0000-0079-ffff-ffff00000013"}}
[debug] &amp#27;[35m[AndroidUiautomator2Driver@d38f (b4397206)]&amp#27;[39m Responding to client with driver.findElement() result: {"element-6066-11e4-a52e-4f735466cecf":"00000000-0000-0079-ffff-ffff00000013","ELEMENT":"00000000-0000-0079-ffff-ffff00000013"}
&amp#27;[35m[HTTP]&amp#27;[39m &amp#27;[37m<-- POST /session/b4397206-452a-42fd-a552-1a0e470eb548/element &amp#27;[39m&amp#27;[32m200&amp#27;[39m &amp#27;[90m166 ms - 137&amp#27;[39m
&amp#27;[35m[HTTP]&amp#27;[39m &amp#27;[90m&amp#27;[39m
&amp#27;[35m[HTTP]&amp#27;[39m &amp#27;[37m-->&amp#27;[39m &amp#27;[37mPOST&amp#27;[39m &amp#27;[37m/session/b4397206-452a-42fd-a552-1a0e470eb548/element/00000000-0000-0079-ffff-ffff00000013/value&amp#27;[39m
&amp#27;[35m[HTTP]&amp#27;[39m &amp#27;[90m{"id":"00000000-0000-0079-ffff-ffff00000013","text":"Disan","value":["D","i","s","a","n"]}&amp#27;[39m
[debug] &amp#27;[35m[AndroidUiautomator2Driver@d38f (b4397206)]&amp#27;[39m Calling AppiumDriver.setValue() with args: [["D","i","s","a","n"],"00000000-0000-0079-ffff-ffff00000013","b4397206-452a-42fd-a552-1a0e470eb548"]
[debug] &amp#27;[35m[AndroidUiautomator2Driver@d38f (b4397206)]&amp#27;[39m Matched '/element/00000000-0000-0079-ffff-ffff00000013/value' to command name 'setValue'
[debug] &amp#27;[35m[AndroidUiautomator2Driver@d38f (b4397206)]&amp#27;[39m Added 'value' property ["D","i","s","a","n"] to 'setValue' request body
[debug] &amp#27;[35m[AndroidUiautomator2Driver@d38f (b4397206)]&amp#27;[39m Proxying [POST /element/00000000-0000-0079-ffff-ffff00000013/value] to [POST http://127.0.0.1:8200/session/d8f748f3-28bf-472c-b7cf-ebce72e6a21d/element/00000000-0000-0079-ffff-ffff00000013/value] with body: {"elementId":"00000000-0000-0079-ffff-ffff00000013","text":"Disan","replace":false,"value":["D","i","s","a","n"]}
[debug] &amp#27;[35m[AndroidUiautomator2Driver@d38f (b4397206)]&amp#27;[39m Got response with status 200: {"sessionId":"d8f748f3-28bf-472c-b7cf-ebce72e6a21d","value":null}
[debug] &amp#27;[35m[AndroidUiautomator2Driver@d38f (b4397206)]&amp#27;[39m Responding to client with driver.setValue() result: null
&amp#27;[35m[HTTP]&amp#27;[39m &amp#27;[37m<-- POST /session/b4397206-452a-42fd-a552-1a0e470eb548/element/00000000-0000-0079-ffff-ffff00000013/value &amp#27;[39m&amp#27;[32m200&amp#27;[39m &amp#27;[90m630 ms - 14&amp#27;[39m
&amp#27;[35m[HTTP]&amp#27;[39m &amp#27;[90m&amp#27;[39m
&amp#27;[35m[HTTP]&amp#27;[39m &amp#27;[37m-->&amp#27;[39m &amp#27;[37mPOST&amp#27;[39m &amp#27;[37m/session/b4397206-452a-42fd-a552-1a0e470eb548/appium/device/hide_keyboard&amp#27;[39m
&amp#27;[35m[HTTP]&amp#27;[39m &amp#27;[90m{}&amp#27;[39m
[debug] &amp#27;[35m[AndroidUiautomator2Driver@d38f (b4397206)]&amp#27;[39m Calling AppiumDriver.hideKeyboard() with args: [null,null,null,null,"b4397206-452a-42fd-a552-1a0e470eb548"]
[debug] &amp#27;[35m[ADB]&amp#27;[39m Running 'C:\Users\Lenovo\AppData\Local\Android\Sdk\platform-tools\adb.exe -P 5037 -s emulator-5554 shell dumpsys input_method'
&amp#27;[35m[ADB]&amp#27;[39m Keyboard has no UI; no closing necessary
[debug] &amp#27;[35m[AndroidUiautomator2Driver@d38f (b4397206)]&amp#27;[39m Responding to client with driver.hideKeyboard() result: false
&amp#27;[35m[HTTP]&amp#27;[39m &amp#27;[37m<-- POST /session/b4397206-452a-42fd-a552-1a0e470eb548/appium/device/hide_keyboard &amp#27;[39m&amp#27;[32m200&amp#27;[39m &amp#27;[90m261 ms - 15&amp#27;[39m
&amp#27;[35m[HTTP]&amp#27;[39m &amp#27;[90m&amp#27;[39m
&amp#27;[35m[HTTP]&amp#27;[39m &amp#27;[37m-->&amp#27;[39m &amp#27;[37mPOST&amp#27;[39m &amp#27;[37m/session/b4397206-452a-42fd-a552-1a0e470eb548/element&amp#27;[39m
&amp#27;[35m[HTTP]&amp#27;[39m &amp#27;[90m{"using":"xpath","value":"//android.widget.RadioButton[@text='Male']"}&amp#27;[39m
[debug] &amp#27;[35m[AndroidUiautomator2Driver@d38f (b4397206)]&amp#27;[39m Calling AppiumDriver.findElement() with args: ["xpath","//android.widget.RadioButton[@text='Male']","b4397206-452a-42fd-a552-1a0e470eb548"]
[debug] &amp#27;[35m[AndroidUiautomator2Driver@d38f (b4397206)]&amp#27;[39m Valid locator strategies for this request: xpath, id, class name, accessibility id, css selector, -android uiautomator
[debug] &amp#27;[35m[AndroidUiautomator2Driver@d38f (b4397206)]&amp#27;[39m Waiting up to 10000 ms for condition
[debug] &amp#27;[35m[AndroidUiautomator2Driver@d38f (b4397206)]&amp#27;[39m Matched '/element' to command name 'findElement'
[debug] &amp#27;[35m[AndroidUiautomator2Driver@d38f (b4397206)]&amp#27;[39m Proxying [POST /element] to [POST http://127.0.0.1:8200/session/d8f748f3-28bf-472c-b7cf-ebce72e6a21d/element] with body: {"strategy":"xpath","selector":"//android.widget.RadioButton[@text='Male']","context":"","multiple":false}
[debug] &amp#27;[35m[AndroidUiautomator2Driver@d38f (b4397206)]&amp#27;[39m Got response with status 200: {"sessionId":"d8f748f3-28bf-472c-b7cf-ebce72e6a21d","value":{"ELEMENT":"00000000-0000-0079-ffff-ffff00000016","element-6066-11e4-a52e-4f735466cecf":"00000000-0000-0079-ffff-ffff00000016"}}
[debug] &amp#27;[35m[AndroidUiautomator2Driver@d38f (b4397206)]&amp#27;[39m Responding to client with driver.findElement() result: {"element-6066-11e4-a52e-4f735466cecf":"00000000-0000-0079-ffff-ffff00000016","ELEMENT":"00000000-0000-0079-ffff-ffff00000016"}
&amp#27;[35m[HTTP]&amp#27;[39m &amp#27;[37m<-- POST /session/b4397206-452a-42fd-a552-1a0e470eb548/element &amp#27;[39m&amp#27;[32m200&amp#27;[39m &amp#27;[90m367 ms - 137&amp#27;[39m
&amp#27;[35m[HTTP]&amp#27;[39m &amp#27;[90m&amp#27;[39m
&amp#27;[35m[HTTP]&amp#27;[39m &amp#27;[37m-->&amp#27;[39m &amp#27;[37mPOST&amp#27;[39m &amp#27;[37m/session/b4397206-452a-42fd-a552-1a0e470eb548/element/00000000-0000-0079-ffff-ffff00000016/click&amp#27;[39m
&amp#27;[35m[HTTP]&amp#27;[39m &amp#27;[90m{"id":"00000000-0000-0079-ffff-ffff00000016"}&amp#27;[39m
[debug] &amp#27;[35m[AndroidUiautomator2Driver@d38f (b4397206)]&amp#27;[39m Calling AppiumDriver.click() with args: ["00000000-0000-0079-ffff-ffff00000016","b4397206-452a-42fd-a552-1a0e470eb548"]
[debug] &amp#27;[35m[AndroidUiautomator2Driver@d38f (b4397206)]&amp#27;[39m Matched '/element/00000000-0000-0079-ffff-ffff00000016/click' to command name 'click'
[debug] &amp#27;[35m[AndroidUiautomator2Driver@d38f (b4397206)]&amp#27;[39m Proxying [POST /element/00000000-0000-0079-ffff-ffff00000016/click] to [POST http://127.0.0.1:8200/session/d8f748f3-28bf-472c-b7cf-ebce72e6a21d/element/00000000-0000-0079-ffff-ffff00000016/click] with body: {"element":"00000000-0000-0079-ffff-ffff00000016"}
[debug] &amp#27;[35m[AndroidUiautomator2Driver@d38f (b4397206)]&amp#27;[39m Got response with status 200: {"sessionId":"d8f748f3-28bf-472c-b7cf-ebce72e6a21d","value":null}
[debug] &amp#27;[35m[AndroidUiautomator2Driver@d38f (b4397206)]&amp#27;[39m Responding to client with driver.click() result: null
&amp#27;[35m[HTTP]&amp#27;[39m &amp#27;[37m<-- POST /session/b4397206-452a-42fd-a552-1a0e470eb548/element/00000000-0000-0079-ffff-ffff00000016/click &amp#27;[39m&amp#27;[32m200&amp#27;[39m &amp#27;[90m79 ms - 14&amp#27;[39m
&amp#27;[35m[HTTP]&amp#27;[39m &amp#27;[90m&amp#27;[39m
&amp#27;[35m[HTTP]&amp#27;[39m &amp#27;[37m-->&amp#27;[39m &amp#27;[37mPOST&amp#27;[39m &amp#27;[37m/session/b4397206-452a-42fd-a552-1a0e470eb548/element&amp#27;[39m
&amp#27;[35m[HTTP]&amp#27;[39m &amp#27;[90m{"using":"id","value":"com.androidsample.generalstore:id/spinnerCountry"}&amp#27;[39m
[debug] &amp#27;[35m[AndroidUiautomator2Driver@d38f (b4397206)]&amp#27;[39m Calling AppiumDriver.findElement() with args: ["id","com.androidsample.generalstore:id/spinnerCountry","b4397206-452a-42fd-a552-1a0e470eb548"]
[debug] &amp#27;[35m[AndroidUiautomator2Driver@d38f (b4397206)]&amp#27;[39m Valid locator strategies for this request: xpath, id, class name, accessibility id, css selector, -android uiautomator
[debug] &amp#27;[35m[AndroidUiautomator2Driver@d38f (b4397206)]&amp#27;[39m Waiting up to 10000 ms for condition
[debug] &amp#27;[35m[AndroidUiautomator2Driver@d38f (b4397206)]&amp#27;[39m Matched '/element' to command name 'findElement'
[debug] &amp#27;[35m[AndroidUiautomator2Driver@d38f (b4397206)]&amp#27;[39m Proxying [POST /element] to [POST http://127.0.0.1:8200/session/d8f748f3-28bf-472c-b7cf-ebce72e6a21d/element] with body: {"strategy":"id","selector":"com.androidsample.generalstore:id/spinnerCountry","context":"","multiple":false}
[debug] &amp#27;[35m[AndroidUiautomator2Driver@d38f (b4397206)]&amp#27;[39m Got response with status 200: {"sessionId":"d8f748f3-28bf-472c-b7cf-ebce72e6a21d","value":{"ELEMENT":"00000000-0000-0079-ffff-ffff00000011","element-6066-11e4-a52e-4f735466cecf":"00000000-0000-0079-ffff-ffff00000011"}}
[debug] &amp#27;[35m[AndroidUiautomator2Driver@d38f (b4397206)]&amp#27;[39m Responding to client with driver.findElement() result: {"element-6066-11e4-a52e-4f735466cecf":"00000000-0000-0079-ffff-ffff00000011","ELEMENT":"00000000-0000-0079-ffff-ffff00000011"}
&amp#27;[35m[HTTP]&amp#27;[39m &amp#27;[37m<-- POST /session/b4397206-452a-42fd-a552-1a0e470eb548/element &amp#27;[39m&amp#27;[32m200&amp#27;[39m &amp#27;[90m1591 ms - 137&amp#27;[39m
&amp#27;[35m[HTTP]&amp#27;[39m &amp#27;[90m&amp#27;[39m
&amp#27;[35m[HTTP]&amp#27;[39m &amp#27;[37m-->&amp#27;[39m &amp#27;[37mPOST&amp#27;[39m &amp#27;[37m/session/b4397206-452a-42fd-a552-1a0e470eb548/element/00000000-0000-0079-ffff-ffff00000011/click&amp#27;[39m
&amp#27;[35m[HTTP]&amp#27;[39m &amp#27;[90m{"id":"00000000-0000-0079-ffff-ffff00000011"}&amp#27;[39m
[debug] &amp#27;[35m[AndroidUiautomator2Driver@d38f (b4397206)]&amp#27;[39m Calling AppiumDriver.click() with args: ["00000000-0000-0079-ffff-ffff00000011","b4397206-452a-42fd-a552-1a0e470eb548"]
[debug] &amp#27;[35m[AndroidUiautomator2Driver@d38f (b4397206)]&amp#27;[39m Matched '/element/00000000-0000-0079-ffff-ffff00000011/click' to command name 'click'
[debug] &amp#27;[35m[AndroidUiautomator2Driver@d38f (b4397206)]&amp#27;[39m Proxying [POST /element/00000000-0000-0079-ffff-ffff00000011/click] to [POST http://127.0.0.1:8200/session/d8f748f3-28bf-472c-b7cf-ebce72e6a21d/element/00000000-0000-0079-ffff-ffff00000011/click] with body: {"element":"00000000-0000-0079-ffff-ffff00000011"}
[debug] &amp#27;[35m[AndroidUiautomator2Driver@d38f (b4397206)]&amp#27;[39m Got response with status 200: {"sessionId":"d8f748f3-28bf-472c-b7cf-ebce72e6a21d","value":null}
[debug] &amp#27;[35m[AndroidUiautomator2Driver@d38f (b4397206)]&amp#27;[39m Responding to client with driver.click() result: null
&amp#27;[35m[HTTP]&amp#27;[39m &amp#27;[37m<-- POST /session/b4397206-452a-42fd-a552-1a0e470eb548/element/00000000-0000-0079-ffff-ffff00000011/click &amp#27;[39m&amp#27;[32m200&amp#27;[39m &amp#27;[90m59 ms - 14&amp#27;[39m
&amp#27;[35m[HTTP]&amp#27;[39m &amp#27;[90m&amp#27;[39m
&amp#27;[35m[HTTP]&amp#27;[39m &amp#27;[37m-->&amp#27;[39m &amp#27;[37mPOST&amp#27;[39m &amp#27;[37m/session/b4397206-452a-42fd-a552-1a0e470eb548/element&amp#27;[39m
&amp#27;[35m[HTTP]&amp#27;[39m &amp#27;[90m{"using":"-android uiautomator","value":"new UiScrollable(new UiSelector().scrollable(true)).scrollIntoView(new UiSelector().textContains(\"Brazil\"));"}&amp#27;[39m
[debug] &amp#27;[35m[AndroidUiautomator2Driver@d38f (b4397206)]&amp#27;[39m Calling AppiumDriver.findElement() with args: ["-android uiautomator","new UiScrollable(new UiSelector().scrollable(true)).scrollIntoView(new UiSelector().textContains(\"Brazil\"));","b4397206-452a-42fd-a552-1a0e470eb548"]
[debug] &amp#27;[35m[AndroidUiautomator2Driver@d38f (b4397206)]&amp#27;[39m Valid locator strategies for this request: xpath, id, class name, accessibility id, css selector, -android uiautomator
[debug] &amp#27;[35m[AndroidUiautomator2Driver@d38f (b4397206)]&amp#27;[39m Waiting up to 10000 ms for condition
[debug] &amp#27;[35m[AndroidUiautomator2Driver@d38f (b4397206)]&amp#27;[39m Matched '/element' to command name 'findElement'
[debug] &amp#27;[35m[AndroidUiautomator2Driver@d38f (b4397206)]&amp#27;[39m Proxying [POST /element] to [POST http://127.0.0.1:8200/session/d8f748f3-28bf-472c-b7cf-ebce72e6a21d/element] with body: {"strategy":"-android uiautomator","selector":"new UiScrollable(new UiSelector().scrollable(true)).scrollIntoView(new UiSelector().textContains(\"Brazil\"));","context":"","multiple":false}
[debug] &amp#27;[35m[AndroidUiautomator2Driver@d38f (b4397206)]&amp#27;[39m Got response with status 200: {"sessionId":"d8f748f3-28bf-472c-b7cf-ebce72e6a21d","value":{"ELEMENT":"00000000-0000-007a-ffff-ffff00000029","element-6066-11e4-a52e-4f735466cecf":"00000000-0000-007a-ffff-ffff00000029"}}
[debug] &amp#27;[35m[AndroidUiautomator2Driver@d38f (b4397206)]&amp#27;[39m Responding to client with driver.findElement() result: {"element-6066-11e4-a52e-4f735466cecf":"00000000-0000-007a-ffff-ffff00000029","ELEMENT":"00000000-0000-007a-ffff-ffff00000029"}
&amp#27;[35m[HTTP]&amp#27;[39m &amp#27;[37m<-- POST /session/b4397206-452a-42fd-a552-1a0e470eb548/element &amp#27;[39m&amp#27;[32m200&amp#27;[39m &amp#27;[90m9876 ms - 137&amp#27;[39m
&amp#27;[35m[HTTP]&amp#27;[39m &amp#27;[90m&amp#27;[39m
&amp#27;[35m[HTTP]&amp#27;[39m &amp#27;[37m-->&amp#27;[39m &amp#27;[37mPOST&amp#27;[39m &amp#27;[37m/session/b4397206-452a-42fd-a552-1a0e470eb548/element/00000000-0000-007a-ffff-ffff00000029/click&amp#27;[39m
&amp#27;[35m[HTTP]&amp#27;[39m &amp#27;[90m{"id":"00000000-0000-007a-ffff-ffff00000029"}&amp#27;[39m
[debug] &amp#27;[35m[AndroidUiautomator2Driver@d38f (b4397206)]&amp#27;[39m Calling AppiumDriver.click() with args: ["00000000-0000-007a-ffff-ffff00000029","b4397206-452a-42fd-a552-1a0e470eb548"]
[debug] &amp#27;[35m[AndroidUiautomator2Driver@d38f (b4397206)]&amp#27;[39m Matched '/element/00000000-0000-007a-ffff-ffff00000029/click' to command name 'click'
[debug] &amp#27;[35m[AndroidUiautomator2Driver@d38f (b4397206)]&amp#27;[39m Proxying [POST /element/00000000-0000-007a-ffff-ffff00000029/click] to [POST http://127.0.0.1:8200/session/d8f748f3-28bf-472c-b7cf-ebce72e6a21d/element/00000000-0000-007a-ffff-ffff00000029/click] with body: {"element":"00000000-0000-007a-ffff-ffff00000029"}
[debug] &amp#27;[35m[AndroidUiautomator2Driver@d38f (b4397206)]&amp#27;[39m Got response with status 200: {"sessionId":"d8f748f3-28bf-472c-b7cf-ebce72e6a21d","value":null}
[debug] &amp#27;[35m[AndroidUiautomator2Driver@d38f (b4397206)]&amp#27;[39m Responding to client with driver.click() result: null
&amp#27;[35m[HTTP]&amp#27;[39m &amp#27;[37m<-- POST /session/b4397206-452a-42fd-a552-1a0e470eb548/element/00000000-0000-007a-ffff-ffff00000029/click &amp#27;[39m&amp#27;[32m200&amp#27;[39m &amp#27;[90m748 ms - 14&amp#27;[39m
&amp#27;[35m[HTTP]&amp#27;[39m &amp#27;[90m&amp#27;[39m
&amp#27;[35m[HTTP]&amp#27;[39m &amp#27;[37m-->&amp#27;[39m &amp#27;[37mPOST&amp#27;[39m &amp#27;[37m/session/b4397206-452a-42fd-a552-1a0e470eb548/element&amp#27;[39m
&amp#27;[35m[HTTP]&amp#27;[39m &amp#27;[90m{"using":"id","value":"com.androidsample.generalstore:id/btnLetsShop"}&amp#27;[39m
[debug] &amp#27;[35m[AndroidUiautomator2Driver@d38f (b4397206)]&amp#27;[39m Calling AppiumDriver.findElement() with args: ["id","com.androidsample.generalstore:id/btnLetsShop","b4397206-452a-42fd-a552-1a0e470eb548"]
[debug] &amp#27;[35m[AndroidUiautomator2Driver@d38f (b4397206)]&amp#27;[39m Valid locator strategies for this request: xpath, id, class name, accessibility id, css selector, -android uiautomator
[debug] &amp#27;[35m[AndroidUiautomator2Driver@d38f (b4397206)]&amp#27;[39m Waiting up to 10000 ms for condition
[debug] &amp#27;[35m[AndroidUiautomator2Driver@d38f (b4397206)]&amp#27;[39m Matched '/element' to command name 'findElement'
[debug] &amp#27;[35m[AndroidUiautomator2Driver@d38f (b4397206)]&amp#27;[39m Proxying [POST /element] to [POST http://127.0.0.1:8200/session/d8f748f3-28bf-472c-b7cf-ebce72e6a21d/element] with body: {"strategy":"id","selector":"com.androidsample.generalstore:id/btnLetsShop","context":"","multiple":false}
[debug] &amp#27;[35m[AndroidUiautomator2Driver@d38f (b4397206)]&amp#27;[39m Got response with status 200: {"sessionId":"d8f748f3-28bf-472c-b7cf-ebce72e6a21d","value":{"ELEMENT":"00000000-0000-0079-ffff-ffff00000018","element-6066-11e4-a52e-4f735466cecf":"00000000-0000-0079-ffff-ffff00000018"}}
[debug] &amp#27;[35m[AndroidUiautomator2Driver@d38f (b4397206)]&amp#27;[39m Responding to client with driver.findElement() result: {"element-6066-11e4-a52e-4f735466cecf":"00000000-0000-0079-ffff-ffff00000018","ELEMENT":"00000000-0000-0079-ffff-ffff00000018"}
&amp#27;[35m[HTTP]&amp#27;[39m &amp#27;[37m<-- POST /session/b4397206-452a-42fd-a552-1a0e470eb548/element &amp#27;[39m&amp#27;[32m200&amp#27;[39m &amp#27;[90m54 ms - 137&amp#27;[39m
&amp#27;[35m[HTTP]&amp#27;[39m &amp#27;[90m&amp#27;[39m
&amp#27;[35m[HTTP]&amp#27;[39m &amp#27;[37m-->&amp#27;[39m &amp#27;[37mPOST&amp#27;[39m &amp#27;[37m/session/b4397206-452a-42fd-a552-1a0e470eb548/element/00000000-0000-0079-ffff-ffff00000018/click&amp#27;[39m
&amp#27;[35m[HTTP]&amp#27;[39m &amp#27;[90m{"id":"00000000-0000-0079-ffff-ffff00000018"}&amp#27;[39m
[debug] &amp#27;[35m[AndroidUiautomator2Driver@d38f (b4397206)]&amp#27;[39m Calling AppiumDriver.click() with args: ["00000000-0000-0079-ffff-ffff00000018","b4397206-452a-42fd-a552-1a0e470eb548"]
[debug] &amp#27;[35m[AndroidUiautomator2Driver@d38f (b4397206)]&amp#27;[39m Matched '/element/00000000-0000-0079-ffff-ffff00000018/click' to command name 'click'
[debug] &amp#27;[35m[AndroidUiautomator2Driver@d38f (b4397206)]&amp#27;[39m Proxying [POST /element/00000000-0000-0079-ffff-ffff00000018/click] to [POST http://127.0.0.1:8200/session/d8f748f3-28bf-472c-b7cf-ebce72e6a21d/element/00000000-0000-0079-ffff-ffff00000018/click] with body: {"element":"00000000-0000-0079-ffff-ffff00000018"}
[debug] &amp#27;[35m[AndroidUiautomator2Driver@d38f (b4397206)]&amp#27;[39m Got response with status 200: {"sessionId":"d8f748f3-28bf-472c-b7cf-ebce72e6a21d","value":null}
[debug] &amp#27;[35m[AndroidUiautomator2Driver@d38f (b4397206)]&amp#27;[39m Responding to client with driver.click() result: null
&amp#27;[35m[HTTP]&amp#27;[39m &amp#27;[37m<-- POST /session/b4397206-452a-42fd-a552-1a0e470eb548/element/00000000-0000-0079-ffff-ffff00000018/click &amp#27;[39m&amp#27;[32m200&amp#27;[39m &amp#27;[90m92 ms - 14&amp#27;[39m
&amp#27;[35m[HTTP]&amp#27;[39m &amp#27;[90m&amp#27;[39m
]]></system-out>
  </testcase>
</testsuite>