<?xml version="1.0" encoding="UTF-8"?>
<!-- Generated by org.testng.reporters.JUnitReportReporter -->
<testsuite hostname="DESKTOP-DOFNUH2" failures="0" tests="3" name="org.swetha.ShoppingApplication3" time="39.894" errors="0" timestamp="2023-02-28T15:57:59 IST" skipped="0">
  <testcase classname="org.swetha.ShoppingApplication3" name="eCommerceTest" time="14.231"/>
  <system-out/>
  <testcase classname="org.swetha.ShoppingApplication3" name="eCommerceTest" time="12.543"/>
  <system-out/>
  <testcase classname="org.swetha.ShoppingApplication3" name="eCommerceTest" time="13.120"/>
  <system-out/>
</testsuite> <!-- org.swetha.ShoppingApplication3 -->
