<?xml version="1.0" encoding="UTF-8"?>
<!-- Generated by org.testng.reporters.JUnitReportReporter -->
<testsuite hostname="DESKTOP-DOFNUH2" failures="0" tests="1" name="org.swetha.ShoppingApplication" time="45.823" errors="0" timestamp="2023-02-28T17:57:27 IST" skipped="0">
  <testcase classname="org.swetha.ShoppingApplication" name="eCommerceTest" time="45.823"/>
  <system-out/>
</testsuite> <!-- org.swetha.ShoppingApplication -->
