<?xml version="1.0" encoding="UTF-8"?>
<!-- Generated by org.testng.reporters.JUnitReportReporter -->
<testsuite hostname="DESKTOP-DOFNUH2" failures="0" tests="2" name="org.swetha.ShoppingApplication2" time="28.218" errors="0" timestamp="2023-03-02T13:01:36 IST" skipped="0">
  <testcase classname="org.swetha.ShoppingApplication2" name="eCommerceTest" time="13.047"/>
  <system-out/>
  <testcase classname="org.swetha.ShoppingApplication2" name="eCommerceTest" time="15.171"/>
  <system-out/>
</testsuite> <!-- org.swetha.ShoppingApplication2 -->
