<?xml version="1.0" encoding="UTF-8"?>
<!-- Generated by org.testng.reporters.JUnitReportReporter -->
<testsuite hostname="DESKTOP-DOFNUH2" failures="0" tests="2" name="org.swetha.ShoppingApplication2" time="38.847" errors="0" timestamp="2023-03-02T14:04:59 IST" skipped="0">
  <testcase classname="org.swetha.ShoppingApplication2" name="eCommerceTest" time="14.988"/>
  <system-out/>
  <testcase classname="org.swetha.ShoppingApplication2" name="eCommerceTest" time="23.859"/>
  <system-out/>
</testsuite> <!-- org.swetha.ShoppingApplication2 -->
